#
# There is insufficient memory for the Java Runtime Environment to continue.
# Native memory allocation (malloc) failed to allocate 32744 bytes for ChunkPool::allocate
# Possible reasons:
#   The system is out of physical RAM or swap space
#   The process is running with CompressedOops enabled, and the Java Heap may be blocking the growth of the native heap
# Possible solutions:
#   Reduce memory load on the system
#   Increase physical memory or swap space
#   Check if swap backing store is full
#   Decrease Java heap size (-Xmx/-Xms)
#   Decrease number of Java threads
#   Decrease Java thread stack sizes (-Xss)
#   Set larger code cache with -XX:ReservedCodeCacheSize=
#   JVM is running with Unscaled Compressed Oops mode in which the Java heap is
#     placed in the first 4GB address space. The Java Heap base address is the
#     maximum limit for the native heap growth. Please use -XX:HeapBaseMinAddress
#     to set the Java Heap base and to place the Java Heap above 4GB virtual address.
# This output file may be truncated or incomplete.
#
#  Out of Memory Error (allocation.cpp:272), pid=33576, tid=0x0000000000007940
#
# JRE version: Java(TM) SE Runtime Environment (8.0_241-b07) (build 1.8.0_241-b07)
# Java VM: Java HotSpot(TM) 64-Bit Server VM (25.241-b07 mixed mode windows-amd64 compressed oops)
# Failed to write core dump. Minidumps are not enabled by default on client versions of Windows
#

---------------  T H R E A D  ---------------

Current thread (0x00000000171f3800):  JavaThread "C2 CompilerThread1" daemon [_thread_in_native, id=31040, stack(0x0000000018940000,0x0000000018a40000)]

Stack: [0x0000000018940000,0x0000000018a40000]
[error occurred during error reporting (printing stack bounds), id 0xc0000005]

Native frames: (J=compiled Java code, j=interpreted, Vv=VM code, C=native code)


Current CompileTask:
C2:   9519 4596   !   4       org.springframework.core.annotation.AnnotatedElementUtils::searchWithFindSemantics (774 bytes)


---------------  P R O C E S S  ---------------

Java Threads: ( => current thread )
  0x000000001d32a800 JavaThread "HikariPool-1 connection adder" daemon [_thread_blocked, id=33676, stack(0x0000000020c40000,0x0000000020d40000)]
  0x000000001d32d000 JavaThread "HikariPool-1 housekeeper" daemon [_thread_blocked, id=29616, stack(0x0000000020e00000,0x0000000020f00000)]
  0x000000001d32c000 JavaThread "container-0" [_thread_blocked, id=33508, stack(0x000000001cf80000,0x000000001d080000)]
  0x000000001d32b800 JavaThread "Catalina-utility-2" [_thread_blocked, id=26976, stack(0x000000001b8b0000,0x000000001b9b0000)]
  0x000000001d331800 JavaThread "Catalina-utility-1" [_thread_blocked, id=33652, stack(0x0000000019aa0000,0x0000000019ba0000)]
  0x000000001723e800 JavaThread "Service Thread" daemon [_thread_blocked, id=30628, stack(0x0000000018f40000,0x0000000019040000)]
  0x00000000171fc800 JavaThread "C1 CompilerThread2" daemon [_thread_blocked, id=30572, stack(0x0000000018a40000,0x0000000018b40000)]
=>0x00000000171f3800 JavaThread "C2 CompilerThread1" daemon [_thread_in_native, id=31040, stack(0x0000000018940000,0x0000000018a40000)]
  0x00000000171ee800 JavaThread "C2 CompilerThread0" daemon [_thread_in_native, id=33212, stack(0x0000000018840000,0x0000000018940000)]
  0x00000000171ec800 JavaThread "Attach Listener" daemon [_thread_blocked, id=33000, stack(0x0000000018740000,0x0000000018840000)]
  0x00000000171e9000 JavaThread "Signal Dispatcher" daemon [_thread_blocked, id=33284, stack(0x0000000018640000,0x0000000018740000)]
  0x000000000271e800 JavaThread "Finalizer" daemon [_thread_blocked, id=33660, stack(0x0000000018430000,0x0000000018530000)]
  0x00000000171ca000 JavaThread "Reference Handler" daemon [_thread_blocked, id=33640, stack(0x0000000018330000,0x0000000018430000)]
  0x0000000002624800 JavaThread "main" [_thread_blocked, id=14872, stack(0x00000000024c0000,0x00000000025c0000)]

Other Threads:
  0x00000000171a8000 VMThread [stack: 0x0000000018230000,0x0000000018330000] [id=33472]
  0x0000000018bc1000 WatcherThread [stack: 0x0000000019040000,0x0000000019140000] [id=33084]

VM state:at safepoint (normal execution)

VM Mutex/Monitor currently owned by a thread:  ([mutex/lock_event])
[0x000000000261ed10] OopMapCacheAlloc_lock - owner thread: 0x000000000263b800
[0x0000000002622350] Threads_lock - owner thread: 0x00000000171a8000
[0x0000000002621950] Heap_lock - owner thread: 0x0000000002624800
[0x00000000026244e0] MultiArray_lock - owner thread: 0x0000000002624800
[0x0000000002623f60] Compile_lock - owner thread: 0x0000000002624800

heap address: 0x0000000082400000, size: 2012 MB, Compressed Oops mode: 32-bit
Narrow klass base: 0x0000000000000000, Narrow klass shift: 3
Compressed class space size: 1073741824 Address: 0x0000000100000000

Heap:
 PSYoungGen      total 178688K, used 23861K [0x00000000d6180000, 0x00000000e3b00000, 0x0000000100000000)
  eden space 163328K, 5% used [0x00000000d6180000,0x00000000d69cfde8,0x00000000e0100000)
  from space 15360K, 99% used [0x00000000e0100000,0x00000000e0ffd840,0x00000000e1000000)
  to   space 14848K, 39% used [0x00000000e1000000,0x00000000e15be070,0x00000000e1e80000)
 ParOldGen       total 82944K, used 21930K [0x0000000082400000, 0x0000000087500000, 0x00000000d6180000)
  object space 82944K, 26% used [0x0000000082400000,0x000000008396ab90,0x0000000087500000)
 Metaspace       used 56653K, capacity 59074K, committed 59160K, reserved 1099776K
  class space    used 7663K, capacity 8087K, committed 8112K, reserved 1048576K

Card table byte_map: [0x0000000011ae0000,0x0000000011ed0000] byte_map_base: 0x00000000116ce000

Marking Bits: (ParMarkBitMap*) 0x000000005f80be30
 Begin Bits: [0x0000000012570000, 0x00000000144e0000)
 End Bits:   [0x00000000144e0000, 0x0000000016450000)

Polling page: 0x0000000000810000

CodeCache: size=245760Kb used=14679Kb max_used=15716Kb free=231080Kb
 bounds [0x0000000002720000, 0x00000000036b0000, 0x0000000011720000]
 total_blobs=4843 nmethods=4300 adapters=454
 compilation: enabled

Compilation events (10 events):
Event: 9.504 Thread 0x00000000171fc800 4849       2       org.h2.value.ValueString::compareTypeSafe (17 bytes)
Event: 9.505 Thread 0x00000000171fc800 nmethod 4849 0x0000000002ac02d0 code [0x0000000002ac0440, 0x0000000002ac0608]
Event: 9.505 Thread 0x00000000171fc800 4850       2       org.h2.value.CompareMode::compareString (16 bytes)
Event: 9.505 Thread 0x00000000171fc800 nmethod 4850 0x000000000296ea90 code [0x000000000296ec00, 0x000000000296edb8]
Event: 9.505 Thread 0x00000000171fc800 4852       2       org.h2.table.TableFilter::isOk (21 bytes)
Event: 9.505 Thread 0x00000000171fc800 nmethod 4852 0x0000000002eee110 code [0x0000000002eee280, 0x0000000002eee458]
Event: 9.505 Thread 0x00000000171fc800 4851       1       org.h2.index.MetaCursor::getSearchRow (5 bytes)
Event: 9.505 Thread 0x00000000171fc800 nmethod 4851 0x0000000002b29ad0 code [0x0000000002b29c20, 0x0000000002b29d30]
Event: 9.510 Thread 0x00000000171fc800 4853       2       org.hibernate.internal.AbstractSharedSessionContract::isClosed (23 bytes)
Event: 9.510 Thread 0x00000000171fc800 nmethod 4853 0x0000000002eedd90 code [0x0000000002eedee0, 0x0000000002eee070]

GC Heap History (10 events):
Event: 2.382 GC heap after
Heap after GC invocations=7 (full 1):
 PSYoungGen      total 109056K, used 3455K [0x00000000d6180000, 0x00000000df100000, 0x0000000100000000)
  eden space 105472K, 0% used [0x00000000d6180000,0x00000000d6180000,0x00000000dc880000)
  from space 3584K, 96% used [0x00000000ded80000,0x00000000df0dfd78,0x00000000df100000)
  to   space 12288K, 0% used [0x00000000dd900000,0x00000000dd900000,0x00000000de500000)
 ParOldGen       total 55808K, used 5435K [0x0000000082400000, 0x0000000085a80000, 0x00000000d6180000)
  object space 55808K, 9% used [0x0000000082400000,0x000000008294ec08,0x0000000085a80000)
 Metaspace       used 23718K, capacity 24472K, committed 24496K, reserved 1071104K
  class space    used 3036K, capacity 3240K, committed 3248K, reserved 1048576K
}
Event: 5.114 GC heap before
{Heap before GC invocations=8 (full 1):
 PSYoungGen      total 109056K, used 108927K [0x00000000d6180000, 0x00000000df100000, 0x0000000100000000)
  eden space 105472K, 100% used [0x00000000d6180000,0x00000000dc880000,0x00000000dc880000)
  from space 3584K, 96% used [0x00000000ded80000,0x00000000df0dfd78,0x00000000df100000)
  to   space 12288K, 0% used [0x00000000dd900000,0x00000000dd900000,0x00000000de500000)
 ParOldGen       total 55808K, used 5435K [0x0000000082400000, 0x0000000085a80000, 0x00000000d6180000)
  object space 55808K, 9% used [0x0000000082400000,0x000000008294ec08,0x0000000085a80000)
 Metaspace       used 31935K, capacity 33524K, committed 33712K, reserved 1079296K
  class space    used 4123K, capacity 4440K, committed 4528K, reserved 1048576K
Event: 5.127 GC heap after
Heap after GC invocations=8 (full 1):
 PSYoungGen      total 134656K, used 12256K [0x00000000d6180000, 0x00000000e1e80000, 0x0000000100000000)
  eden space 122368K, 0% used [0x00000000d6180000,0x00000000d6180000,0x00000000dd900000)
  from space 12288K, 99% used [0x00000000dd900000,0x00000000de4f81f0,0x00000000de500000)
  to   space 14848K, 0% used [0x00000000e1000000,0x00000000e1000000,0x00000000e1e80000)
 ParOldGen       total 55808K, used 6816K [0x0000000082400000, 0x0000000085a80000, 0x00000000d6180000)
  object space 55808K, 12% used [0x0000000082400000,0x0000000082aa8068,0x0000000085a80000)
 Metaspace       used 31935K, capacity 33524K, committed 33712K, reserved 1079296K
  class space    used 4123K, capacity 4440K, committed 4528K, reserved 1048576K
}
Event: 5.617 GC heap before
{Heap before GC invocations=9 (full 1):
 PSYoungGen      total 134656K, used 67953K [0x00000000d6180000, 0x00000000e1e80000, 0x0000000100000000)
  eden space 122368K, 45% used [0x00000000d6180000,0x00000000d97e4558,0x00000000dd900000)
  from space 12288K, 99% used [0x00000000dd900000,0x00000000de4f81f0,0x00000000de500000)
  to   space 14848K, 0% used [0x00000000e1000000,0x00000000e1000000,0x00000000e1e80000)
 ParOldGen       total 55808K, used 6816K [0x0000000082400000, 0x0000000085a80000, 0x00000000d6180000)
  object space 55808K, 12% used [0x0000000082400000,0x0000000082aa8068,0x0000000085a80000)
 Metaspace       used 33768K, capacity 35374K, committed 35496K, reserved 1081344K
  class space    used 4332K, capacity 4635K, committed 4656K, reserved 1048576K
Event: 5.630 GC heap after
Heap after GC invocations=9 (full 1):
 PSYoungGen      total 178176K, used 9807K [0x00000000d6180000, 0x00000000e3b00000, 0x0000000100000000)
  eden space 163328K, 0% used [0x00000000d6180000,0x00000000d6180000,0x00000000e0100000)
  from space 14848K, 66% used [0x00000000e1000000,0x00000000e1993d28,0x00000000e1e80000)
  to   space 15360K, 0% used [0x00000000e0100000,0x00000000e0100000,0x00000000e1000000)
 ParOldGen       total 55808K, used 6824K [0x0000000082400000, 0x0000000085a80000, 0x00000000d6180000)
  object space 55808K, 12% used [0x0000000082400000,0x0000000082aaa068,0x0000000085a80000)
 Metaspace       used 33768K, capacity 35374K, committed 35496K, reserved 1081344K
  class space    used 4332K, capacity 4635K, committed 4656K, reserved 1048576K
}
Event: 5.631 GC heap before
{Heap before GC invocations=10 (full 2):
 PSYoungGen      total 178176K, used 9807K [0x00000000d6180000, 0x00000000e3b00000, 0x0000000100000000)
  eden space 163328K, 0% used [0x00000000d6180000,0x00000000d6180000,0x00000000e0100000)
  from space 14848K, 66% used [0x00000000e1000000,0x00000000e1993d28,0x00000000e1e80000)
  to   space 15360K, 0% used [0x00000000e0100000,0x00000000e0100000,0x00000000e1000000)
 ParOldGen       total 55808K, used 6824K [0x0000000082400000, 0x0000000085a80000, 0x00000000d6180000)
  object space 55808K, 12% used [0x0000000082400000,0x0000000082aaa068,0x0000000085a80000)
 Metaspace       used 33768K, capacity 35374K, committed 35496K, reserved 1081344K
  class space    used 4332K, capacity 4635K, committed 4656K, reserved 1048576K
Event: 5.692 GC heap after
Heap after GC invocations=10 (full 2):
 PSYoungGen      total 178176K, used 0K [0x00000000d6180000, 0x00000000e3b00000, 0x0000000100000000)
  eden space 163328K, 0% used [0x00000000d6180000,0x00000000d6180000,0x00000000e0100000)
  from space 14848K, 0% used [0x00000000e1000000,0x00000000e1000000,0x00000000e1e80000)
  to   space 15360K, 0% used [0x00000000e0100000,0x00000000e0100000,0x00000000e1000000)
 ParOldGen       total 82944K, used 14142K [0x0000000082400000, 0x0000000087500000, 0x00000000d6180000)
  object space 82944K, 17% used [0x0000000082400000,0x00000000831cfb28,0x0000000087500000)
 Metaspace       used 33768K, capacity 35374K, committed 35496K, reserved 1081344K
  class space    used 4332K, capacity 4635K, committed 4656K, reserved 1048576K
}
Event: 9.235 GC heap before
{Heap before GC invocations=11 (full 2):
 PSYoungGen      total 178176K, used 163328K [0x00000000d6180000, 0x00000000e3b00000, 0x0000000100000000)
  eden space 163328K, 100% used [0x00000000d6180000,0x00000000e0100000,0x00000000e0100000)
  from space 14848K, 0% used [0x00000000e1000000,0x00000000e1000000,0x00000000e1e80000)
  to   space 15360K, 0% used [0x00000000e0100000,0x00000000e0100000,0x00000000e1000000)
 ParOldGen       total 82944K, used 14142K [0x0000000082400000, 0x0000000087500000, 0x00000000d6180000)
  object space 82944K, 17% used [0x0000000082400000,0x00000000831cfb28,0x0000000087500000)
 Metaspace       used 55333K, capacity 57606K, committed 57904K, reserved 1099776K
  class space    used 7481K, capacity 7879K, committed 7984K, reserved 1048576K
Event: 9.271 GC heap after
Heap after GC invocations=11 (full 2):
 PSYoungGen      total 178688K, used 15350K [0x00000000d6180000, 0x00000000e3b00000, 0x0000000100000000)
  eden space 163328K, 0% used [0x00000000d6180000,0x00000000d6180000,0x00000000e0100000)
  from space 15360K, 99% used [0x00000000e0100000,0x00000000e0ffd840,0x00000000e1000000)
  to   space 14848K, 0% used [0x00000000e1000000,0x00000000e1000000,0x00000000e1e80000)
 ParOldGen       total 82944K, used 21930K [0x0000000082400000, 0x0000000087500000, 0x00000000d6180000)
  object space 82944K, 26% used [0x0000000082400000,0x000000008396ab90,0x0000000087500000)
 Metaspace       used 55333K, capacity 57606K, committed 57904K, reserved 1099776K
  class space    used 7481K, capacity 7879K, committed 7984K, reserved 1048576K
}
Event: 9.511 GC heap before
{Heap before GC invocations=12 (full 2):
 PSYoungGen      total 178688K, used 23861K [0x00000000d6180000, 0x00000000e3b00000, 0x0000000100000000)
  eden space 163328K, 5% used [0x00000000d6180000,0x00000000d69cfde8,0x00000000e0100000)
  from space 15360K, 99% used [0x00000000e0100000,0x00000000e0ffd840,0x00000000e1000000)
  to   space 14848K, 0% used [0x00000000e1000000,0x00000000e1000000,0x00000000e1e80000)
 ParOldGen       total 82944K, used 21930K [0x0000000082400000, 0x0000000087500000, 0x00000000d6180000)
  object space 82944K, 26% used [0x0000000082400000,0x000000008396ab90,0x0000000087500000)
 Metaspace       used 56653K, capacity 59074K, committed 59160K, reserved 1099776K
  class space    used 7663K, capacity 8087K, committed 8112K, reserved 1048576K

Deoptimization events (10 events):
Event: 8.817 Thread 0x0000000002624800 Uncommon trap: reason=bimorphic action=maybe_recompile pc=0x0000000002d80430 method=java.util.Hashtable.get(Ljava/lang/Object;)Ljava/lang/Object; @ 6
Event: 8.819 Thread 0x0000000002624800 Uncommon trap: reason=unstable_if action=reinterpret pc=0x000000000283d500 method=java.lang.CharacterData.of(I)Ljava/lang/CharacterData; @ 4
Event: 8.985 Thread 0x0000000002624800 Uncommon trap: reason=null_check action=make_not_entrant pc=0x000000000368b688 method=org.springframework.core.annotation.AnnotatedElementUtils.searchWithFindSemantics(Ljava/lang/reflect/AnnotatedElement;Ljava/util/Set;Ljava/lang/String;Ljava/lang/Class;L
Event: 8.995 Thread 0x0000000002624800 Uncommon trap: reason=class_check action=maybe_recompile pc=0x00000000033ebfec method=org.springframework.beans.factory.support.AbstractBeanFactory.isTypeMatch(Ljava/lang/String;Lorg/springframework/core/ResolvableType;)Z @ 47
Event: 9.174 Thread 0x0000000002624800 Uncommon trap: reason=class_check action=maybe_recompile pc=0x00000000033f49b8 method=org.springframework.util.ConcurrentReferenceHashMap$Segment.findInChain(Lorg/springframework/util/ConcurrentReferenceHashMap$Reference;Ljava/lang/Object;I)Lorg/springfra
Event: 9.175 Thread 0x0000000002624800 Uncommon trap: reason=class_check action=maybe_recompile pc=0x0000000003298b0c method=org.springframework.util.ConcurrentReferenceHashMap$Segment.findInChain(Lorg/springframework/util/ConcurrentReferenceHashMap$Reference;Ljava/lang/Object;I)Lorg/springfra
Event: 9.509 Thread 0x0000000002624800 Uncommon trap: reason=class_check action=maybe_recompile pc=0x00000000034bffac method=sun.reflect.generics.reflectiveObjects.TypeVariableImpl.hashCode()I @ 4
Event: 9.509 Thread 0x0000000002624800 Uncommon trap: reason=class_check action=maybe_recompile pc=0x00000000034bffac method=sun.reflect.generics.reflectiveObjects.TypeVariableImpl.hashCode()I @ 4
Event: 9.509 Thread 0x0000000002624800 Uncommon trap: reason=class_check action=maybe_recompile pc=0x00000000034bffac method=sun.reflect.generics.reflectiveObjects.TypeVariableImpl.hashCode()I @ 4
Event: 9.509 Thread 0x0000000002624800 Uncommon trap: reason=class_check action=maybe_recompile pc=0x00000000034bffac method=sun.reflect.generics.reflectiveObjects.TypeVariableImpl.hashCode()I @ 4

Classes redefined (0 events):
No events

Internal exceptions (10 events):
Event: 9.040 Thread 0x0000000002624800 Exception <a 'java/lang/ClassNotFoundException': java/lang/ObjectCustomizer> (0x00000000dfbc6fb0) thrown at [C:\ade\jenkins\workspace\8-2-build-windows-amd64-cygwin\jdk8u241\331\hotspot\src\share\vm\classfile\systemDictionary.cpp, line 210]
Event: 9.041 Thread 0x0000000002624800 Exception <a 'java/lang/ClassNotFoundException': com/GoCook/Entities/QuantityCustomizer> (0x00000000dfbd8418) thrown at [C:\ade\jenkins\workspace\8-2-build-windows-amd64-cygwin\jdk8u241\331\hotspot\src\share\vm\classfile\systemDictionary.cpp, line 210]
Event: 9.046 Thread 0x0000000002624800 Exception <a 'java/lang/ClassNotFoundException': java/lang/ObjectCustomizer> (0x00000000dfc10ea8) thrown at [C:\ade\jenkins\workspace\8-2-build-windows-amd64-cygwin\jdk8u241\331\hotspot\src\share\vm\classfile\systemDictionary.cpp, line 210]
Event: 9.047 Thread 0x0000000002624800 Exception <a 'java/lang/ClassNotFoundException': com/GoCook/Entities/UserCustomizer> (0x00000000dfc21120) thrown at [C:\ade\jenkins\workspace\8-2-build-windows-amd64-cygwin\jdk8u241\331\hotspot\src\share\vm\classfile\systemDictionary.cpp, line 210]
Event: 9.125 Thread 0x0000000002624800 Exception <a 'java/lang/ClassNotFoundException': java/lang/ObjectCustomizer> (0x00000000dfe3edb0) thrown at [C:\ade\jenkins\workspace\8-2-build-windows-amd64-cygwin\jdk8u241\331\hotspot\src\share\vm\classfile\systemDictionary.cpp, line 210]
Event: 9.126 Thread 0x0000000002624800 Exception <a 'java/lang/ClassNotFoundException': com/GoCook/Entities/FoodGroupCustomizer> (0x00000000dfe506a8) thrown at [C:\ade\jenkins\workspace\8-2-build-windows-amd64-cygwin\jdk8u241\331\hotspot\src\share\vm\classfile\systemDictionary.cpp, line 210]
Event: 9.175 Thread 0x0000000002624800 Exception <a 'java/lang/ClassNotFoundException': java/lang/ObjectCustomizer> (0x00000000dff659e0) thrown at [C:\ade\jenkins\workspace\8-2-build-windows-amd64-cygwin\jdk8u241\331\hotspot\src\share\vm\classfile\systemDictionary.cpp, line 210]
Event: 9.176 Thread 0x0000000002624800 Exception <a 'java/lang/ClassNotFoundException': com/GoCook/Entities/IngredientCustomizer> (0x00000000dff78070) thrown at [C:\ade\jenkins\workspace\8-2-build-windows-amd64-cygwin\jdk8u241\331\hotspot\src\share\vm\classfile\systemDictionary.cpp, line 210]
Event: 9.312 Thread 0x0000000002624800 Exception <a 'java/lang/reflect/InvocationTargetException'> (0x00000000d6228e10) thrown at [C:\ade\jenkins\workspace\8-2-build-windows-amd64-cygwin\jdk8u241\331\hotspot\src\share\vm\runtime\reflection.cpp, line 1092]
Event: 9.401 Thread 0x0000000002624800 Exception <a 'java/lang/NoSuchMethodError': java.lang.Object.lambda$static$0(Ljavax/persistence/Query;[Ljava/lang/Object;Lorg/springframework/data/jpa/repository/query/QueryParameterSetter$ErrorHandling;)V> (0x00000000d656f900) thrown at [C:\ade\jenkins\w

Events (10 events):
Event: 9.509 Thread 0x0000000002624800 Uncommon trap: trap_request=0xffffffde fr.pc=0x00000000034bffac
Event: 9.509 Thread 0x0000000002624800 DEOPT PACKING pc=0x00000000034bffac sp=0x00000000025bc180
Event: 9.509 Thread 0x0000000002624800 DEOPT UNPACKING pc=0x000000000276583b sp=0x00000000025bc120 mode 2
Event: 9.510 loading class org/hibernate/internal/util/collections/LazyIterator
Event: 9.510 loading class org/hibernate/internal/util/collections/LazyIterator done
Event: 9.511 loading class org/hibernate/engine/internal/EntityEntryContext$EntityEntryCrossRefImpl
Event: 9.511 loading class org/hibernate/engine/internal/EntityEntryContext$EntityEntryCrossRefImpl done
Event: 9.511 loading class org/hibernate/engine/internal/EntityEntryContext$EntityEntryCrossRef
Event: 9.511 loading class org/hibernate/engine/internal/EntityEntryContext$EntityEntryCrossRef done
Event: 9.511 Executing VM operation: CollectForMetadataAllocation


Dynamic libraries:
0x00007ff64b540000 - 0x00007ff64b577000 	C:\Program Files\Java\jdk1.8.0_241\bin\javaw.exe
0x00007ff9002c0000 - 0x00007ff9004b0000 	C:\WINDOWS\SYSTEM32\ntdll.dll
0x00007ff8ffe20000 - 0x00007ff8ffed2000 	C:\WINDOWS\System32\KERNEL32.DLL
0x00007ff8fd350000 - 0x00007ff8fd5f3000 	C:\WINDOWS\System32\KERNELBASE.dll
0x00007ff8feaf0000 - 0x00007ff8feb93000 	C:\WINDOWS\System32\ADVAPI32.dll
0x00007ff8ffee0000 - 0x00007ff8fff7e000 	C:\WINDOWS\System32\msvcrt.dll
0x00007ff8ff250000 - 0x00007ff8ff2e7000 	C:\WINDOWS\System32\sechost.dll
0x00007ff8fed50000 - 0x00007ff8fee70000 	C:\WINDOWS\System32\RPCRT4.dll
0x00007ff8ffa90000 - 0x00007ff8ffc24000 	C:\WINDOWS\System32\USER32.dll
0x00007ff8fd820000 - 0x00007ff8fd841000 	C:\WINDOWS\System32\win32u.dll
0x00007ff8ffdf0000 - 0x00007ff8ffe16000 	C:\WINDOWS\System32\GDI32.dll
0x00007ff8fdfd0000 - 0x00007ff8fe164000 	C:\WINDOWS\System32\gdi32full.dll
0x00007ff8fe170000 - 0x00007ff8fe20e000 	C:\WINDOWS\System32\msvcp_win.dll
0x00007ff8fd250000 - 0x00007ff8fd34a000 	C:\WINDOWS\System32\ucrtbase.dll
0x00007ff8f8120000 - 0x00007ff8f83a5000 	C:\WINDOWS\WinSxS\amd64_microsoft.windows.common-controls_6595b64144ccf1df_6.0.18362.720_none_e6beb5c51314836b\COMCTL32.dll
0x00007ff8fef10000 - 0x00007ff8ff246000 	C:\WINDOWS\System32\combase.dll
0x00007ff8fe2f0000 - 0x00007ff8fe370000 	C:\WINDOWS\System32\bcryptPrimitives.dll
0x00007ff8fff90000 - 0x00007ff8fffbe000 	C:\WINDOWS\System32\IMM32.DLL
0x000000005ebe0000 - 0x000000005ecb2000 	C:\Program Files\Java\jdk1.8.0_241\jre\bin\msvcr100.dll
0x000000005efe0000 - 0x000000005f88c000 	C:\Program Files\Java\jdk1.8.0_241\jre\bin\server\jvm.dll
0x00007ff8feef0000 - 0x00007ff8feef8000 	C:\WINDOWS\System32\PSAPI.DLL
0x00007ff8ece00000 - 0x00007ff8ece09000 	C:\WINDOWS\SYSTEM32\WSOCK32.dll
0x00007ff8fa510000 - 0x00007ff8fa534000 	C:\WINDOWS\SYSTEM32\WINMM.dll
0x00007ff8fea80000 - 0x00007ff8feaef000 	C:\WINDOWS\System32\WS2_32.dll
0x00007ff8f7eb0000 - 0x00007ff8f7eba000 	C:\WINDOWS\SYSTEM32\VERSION.dll
0x00007ff8f93f0000 - 0x00007ff8f941d000 	C:\WINDOWS\SYSTEM32\WINMMBASE.dll
0x00007ff8fd750000 - 0x00007ff8fd79a000 	C:\WINDOWS\System32\cfgmgr32.dll
0x00007ff8c4a20000 - 0x00007ff8c4a2f000 	C:\Program Files\Java\jdk1.8.0_241\jre\bin\verify.dll
0x00007ff8b2ea0000 - 0x00007ff8b2ec9000 	C:\Program Files\Java\jdk1.8.0_241\jre\bin\java.dll
0x00007ff8b2e80000 - 0x00007ff8b2e96000 	C:\Program Files\Java\jdk1.8.0_241\jre\bin\zip.dll
0x00007ff8ff2f0000 - 0x00007ff8ff9d5000 	C:\WINDOWS\System32\SHELL32.dll
0x00007ff900090000 - 0x00007ff900139000 	C:\WINDOWS\System32\shcore.dll
0x00007ff8fd850000 - 0x00007ff8fdfd0000 	C:\WINDOWS\System32\windows.storage.dll
0x00007ff8fd220000 - 0x00007ff8fd243000 	C:\WINDOWS\System32\profapi.dll
0x00007ff8fd1d0000 - 0x00007ff8fd21a000 	C:\WINDOWS\System32\powrprof.dll
0x00007ff8fd180000 - 0x00007ff8fd190000 	C:\WINDOWS\System32\UMPDC.dll
0x00007ff8fee90000 - 0x00007ff8feee2000 	C:\WINDOWS\System32\shlwapi.dll
0x00007ff8fd1b0000 - 0x00007ff8fd1c1000 	C:\WINDOWS\System32\kernel.appcore.dll
0x00007ff8fd800000 - 0x00007ff8fd817000 	C:\WINDOWS\System32\cryptsp.dll
0x00007ff8fabf0000 - 0x00007ff8fabfd000 	C:\Program Files\Java\jdk1.8.0_241\jre\bin\management.dll
0x00007ff8b2e60000 - 0x00007ff8b2e7a000 	C:\Program Files\Java\jdk1.8.0_241\jre\bin\net.dll
0x00007ff8fc990000 - 0x00007ff8fc9f7000 	C:\WINDOWS\system32\mswsock.dll
0x00007ff8e9ec0000 - 0x00007ff8e9ed6000 	C:\WINDOWS\system32\napinsp.dll
0x00007ff8e9ea0000 - 0x00007ff8e9eba000 	C:\WINDOWS\system32\pnrpnsp.dll
0x00007ff8fc6f0000 - 0x00007ff8fc7ba000 	C:\WINDOWS\SYSTEM32\DNSAPI.dll
0x00007ff8fef00000 - 0x00007ff8fef08000 	C:\WINDOWS\System32\NSI.dll
0x00007ff8fc6a0000 - 0x00007ff8fc6da000 	C:\WINDOWS\SYSTEM32\IPHLPAPI.DLL
0x00007ff8e9740000 - 0x00007ff8e974e000 	C:\WINDOWS\System32\winrnr.dll
0x00007ff8f9420000 - 0x00007ff8f943c000 	C:\WINDOWS\system32\NLAapi.dll
0x00007ff8e9720000 - 0x00007ff8e9735000 	C:\WINDOWS\system32\wshbth.dll
0x00007ff8f1d30000 - 0x00007ff8f1d3a000 	C:\Windows\System32\rasadhlp.dll
0x00007ff8f62e0000 - 0x00007ff8f6357000 	C:\WINDOWS\System32\fwpuclnt.dll
0x00007ff8fe210000 - 0x00007ff8fe236000 	C:\WINDOWS\System32\bcrypt.dll
0x00007ff8b2e40000 - 0x00007ff8b2e52000 	C:\Program Files\Java\jdk1.8.0_241\jre\bin\nio.dll
0x00007ff8fc500000 - 0x00007ff8fc533000 	C:\WINDOWS\system32\rsaenh.dll
0x00007ff8fd070000 - 0x00007ff8fd095000 	C:\WINDOWS\SYSTEM32\USERENV.dll
0x00007ff8fcb60000 - 0x00007ff8fcb6c000 	C:\WINDOWS\SYSTEM32\CRYPTBASE.dll
0x00007ff8f6490000 - 0x00007ff8f64a6000 	C:\WINDOWS\SYSTEM32\dhcpcsvc6.DLL
0x00007ff8f84b0000 - 0x00007ff8f84cc000 	C:\WINDOWS\SYSTEM32\dhcpcsvc.DLL

VM Arguments:
jvm_args: -Dfile.encoding=UTF-8 
java_command: com.GoCook.Boundaries.GoCookApplication
java_class_path (initial): C:\Users\aline\Desktop\gocook\GoCook\target\classes;C:\Users\aline\.m2\repository\org\springframework\boot\spring-boot-starter-data-jpa\2.1.5.RELEASE\spring-boot-starter-data-jpa-2.1.5.RELEASE.jar;C:\Users\aline\.m2\repository\org\springframework\boot\spring-boot-starter-aop\2.1.5.RELEASE\spring-boot-starter-aop-2.1.5.RELEASE.jar;C:\Users\aline\.m2\repository\org\springframework\spring-aop\5.1.7.RELEASE\spring-aop-5.1.7.RELEASE.jar;C:\Users\aline\.m2\repository\org\aspectj\aspectjweaver\1.9.4\aspectjweaver-1.9.4.jar;C:\Users\aline\.m2\repository\org\springframework\boot\spring-boot-starter-jdbc\2.1.5.RELEASE\spring-boot-starter-jdbc-2.1.5.RELEASE.jar;C:\Users\aline\.m2\repository\com\zaxxer\HikariCP\3.2.0\HikariCP-3.2.0.jar;C:\Users\aline\.m2\repository\org\springframework\spring-jdbc\5.1.7.RELEASE\spring-jdbc-5.1.7.RELEASE.jar;C:\Users\aline\.m2\repository\javax\transaction\javax.transaction-api\1.3\javax.transaction-api-1.3.jar;C:\Users\aline\.m2\repository\javax\xml\bind\jaxb-api\2.3.1\jaxb-api-2.3.1.jar;C:\Users\aline\.m2\repository\javax\activation\javax.activation-api\1.2.0\javax.activation-api-1.2.0.jar;C:\Users\aline\.m2\repository\org\hibernate\hibernate-core\5.3.10.Final\hibernate-core-5.3.10.Final.jar;C:\Users\aline\.m2\repository\org\jboss\logging\jboss-logging\3.3.2.Final\jboss-logging-3.3.2.Final.jar;C:\Users\aline\.m2\repository\javax\persistence\javax.persistence-api\2.2\javax.persistence-api-2.2.jar;C:\Users\aline\.m2\repository\org\javassist\javassist\3.23.2-GA\javassist-3.23.2-GA.jar;C:\Users\aline\.m2\repository\net\bytebuddy\byte-buddy\1.9.12\byte-buddy-1.9.12.jar;C:\Users\aline\.m2\repository\antlr\antlr\2.7.7\antlr-2.7.7.jar;C:\Users\aline\.m2\repository\org\jboss\jandex\2.0.5.Final\jandex-2.0.5.Final.jar;C:\Users\aline\.m2\repository\com\fasterxml\classmate\1.4.0\classmate-1.4.0.jar;C:\Users\aline\.m2\repository\org\dom4j\dom4j\2.1.1\dom4j-2.1.1.jar;C:\Users\aline\.m2\repository\org\hibernate\common\hibernate-comm
Launcher Type: SUN_STANDARD

Environment Variables:
PATH=C:/Program Files/Java/jdk1.8.0_241/bin/../jre/bin/server;C:/Program Files/Java/jdk1.8.0_241/bin/../jre/bin;C:/Program Files/Java/jdk1.8.0_241/bin/../jre/lib/amd64;C:\Program Files (x86)\NVIDIA Corporation\PhysX\Common;C:\Program Files (x86)\Intel\iCLS Client\;C:\Program Files\Intel\iCLS Client\;C:\WINDOWS\system32;C:\WINDOWS;C:\WINDOWS\System32\Wbem;C:\WINDOWS\System32\WindowsPowerShell\v1.0\;C:\Program Files (x86)\Intel\OpenCL SDK\2.0\bin\x86;C:\Program Files (x86)\Intel\OpenCL SDK\2.0\bin\x64;C:\Program Files\Intel\Intel(R) Management Engine Components\DAL;C:\Program Files\Intel\Intel(R) Management Engine Components\IPT;C:\Program Files (x86)\Intel\Intel(R) Management Engine Components\DAL;C:\Program Files (x86)\Intel\Intel(R) Management Engine Components\IPT;C:\Program Files\Intel\WiFi\bin\;C:\Program Files\Common Files\Intel\WirelessCommon\;C:\Program Files\dotnet\;C:\Program Files\Microsoft SQL Server\130\Tools\Binn\;C:\WINDOWS\system32\config\systemprofile\.dnx\bin;C:\Program Files\Microsoft DNX\Dnvm\;C:\WINDOWS\System32\OpenSSH\;C:\Program Files\Microsoft SQL Server\Client SDK\ODBC\110\Tools\Binn\;C:\Program Files (x86)\Microsoft SQL Server\120\Tools\Binn\;C:\Program Files\Microsoft SQL Server\120\Tools\Binn\;C:\Program Files\Microsoft SQL Server\120\DTS\Binn\;C:\Program Files (x86)\Microsoft SQL Server\120\Tools\Binn\ManagementStudio\;C:\Program Files (x86)\Microsoft SQL Server\120\DTS\Binn\;C:\Program Files\Microsoft VS Code\bin;C:\Program Files\Git\cmd;C:\Program Files\Java\jdk1.8.0_241\bin;C:\Program Files\Intel\WiFi\bin\;C:\Program Files\Common Files\Intel\WirelessCommon\;C:\Users\aline\AppData\Local\Microsoft\WindowsApps;;C:\Program Files\eclipse;
USERNAME=aline
OS=Windows_NT
PROCESSOR_IDENTIFIER=Intel64 Family 6 Model 58 Stepping 9, GenuineIntel



---------------  S Y S T E M  ---------------

OS: Windows 10.0 , 64 bit Build 18362 (10.0.18362.329)

CPU:total 4 (initial active 4) (2 cores per cpu, 2 threads per core) family 6 model 58 stepping 9, cmov, cx8, fxsr, mmx, sse, sse2, sse3, ssse3, sse4.1, sse4.2, popcnt, avx, aes, clmul, erms, ht, tsc, tscinvbit, tscinv

Memory: 4k page, physical 8240660k(2006804k free), swap 9477652k(2468k free)

vm_info: Java HotSpot(TM) 64-Bit Server VM (25.241-b07) for windows-amd64 JRE (1.8.0_241-b07), built on Dec 11 2019 10:21:40 by "rejava" with MS VC++ 10.0 (VS2010)

time: Tue Apr 07 20:47:33 2020
timezone: Hor. de Verão do Pacífico (EUA)
elapsed time: 9 seconds (0d 0h 0m 9s)

