#
# There is insufficient memory for the Java Runtime Environment to continue.
# Native memory allocation (malloc) failed to allocate 568752 bytes for Chunk::new
# Possible reasons:
#   The system is out of physical RAM or swap space
#   The process is running with CompressedOops enabled, and the Java Heap may be blocking the growth of the native heap
# Possible solutions:
#   Reduce memory load on the system
#   Increase physical memory or swap space
#   Check if swap backing store is full
#   Decrease Java heap size (-Xmx/-Xms)
#   Decrease number of Java threads
#   Decrease Java thread stack sizes (-Xss)
#   Set larger code cache with -XX:ReservedCodeCacheSize=
#   JVM is running with Unscaled Compressed Oops mode in which the Java heap is
#     placed in the first 4GB address space. The Java Heap base address is the
#     maximum limit for the native heap growth. Please use -XX:HeapBaseMinAddress
#     to set the Java Heap base and to place the Java Heap above 4GB virtual address.
# This output file may be truncated or incomplete.
#
#  Out of Memory Error (allocation.cpp:389), pid=32712, tid=0x0000000000005010
#
# JRE version: Java(TM) SE Runtime Environment (8.0_241-b07) (build 1.8.0_241-b07)
# Java VM: Java HotSpot(TM) 64-Bit Server VM (25.241-b07 mixed mode windows-amd64 compressed oops)
# Failed to write core dump. Minidumps are not enabled by default on client versions of Windows
#

---------------  T H R E A D  ---------------

Current thread (0x00000000173bf000):  JavaThread "C2 CompilerThread0" daemon [_thread_in_native, id=20496, stack(0x0000000018a20000,0x0000000018b20000)]

Stack: [0x0000000018a20000,0x0000000018b20000]
[error occurred during error reporting (printing stack bounds), id 0xc0000005]

Native frames: (J=compiled Java code, j=interpreted, Vv=VM code, C=native code)


Current CompileTask:
C2:   1686 1153   !   4       java.net.URL::<init> (543 bytes)


---------------  P R O C E S S  ---------------

Java Threads: ( => current thread )
  0x00000000190f5000 JavaThread "background-preinit" [_thread_in_Java, id=18836, stack(0x0000000019c80000,0x0000000019d80000)]
  0x000000001740d000 JavaThread "Service Thread" daemon [_thread_blocked, id=34268, stack(0x0000000019120000,0x0000000019220000)]
  0x00000000173cd800 JavaThread "C1 CompilerThread2" daemon [_thread_blocked, id=19136, stack(0x0000000018c20000,0x0000000018d20000)]
  0x00000000173c5800 JavaThread "C2 CompilerThread1" daemon [_thread_in_native, id=34348, stack(0x0000000018b20000,0x0000000018c20000)]
=>0x00000000173bf000 JavaThread "C2 CompilerThread0" daemon [_thread_in_native, id=20496, stack(0x0000000018a20000,0x0000000018b20000)]
  0x00000000173bd800 JavaThread "Attach Listener" daemon [_thread_blocked, id=31740, stack(0x0000000018920000,0x0000000018a20000)]
  0x00000000173bc000 JavaThread "Signal Dispatcher" daemon [_thread_blocked, id=14388, stack(0x0000000018820000,0x0000000018920000)]
  0x000000001739d800 JavaThread "Finalizer" daemon [_thread_blocked, id=33296, stack(0x0000000018600000,0x0000000018700000)]
  0x00000000028b7000 JavaThread "Reference Handler" daemon [_thread_blocked, id=4056, stack(0x0000000018500000,0x0000000018600000)]
  0x00000000027c4800 JavaThread "main" [_thread_in_native, id=8840, stack(0x00000000026c0000,0x00000000027c0000)]

Other Threads:
  0x0000000017378000 VMThread [stack: 0x0000000018400000,0x0000000018500000] [id=23624]
  0x000000001740e000 WatcherThread [stack: 0x0000000019220000,0x0000000019320000] [id=29544]

VM state:not at safepoint (normal execution)

VM Mutex/Monitor currently owned by a thread: None

heap address: 0x0000000082400000, size: 2012 MB, Compressed Oops mode: 32-bit
Narrow klass base: 0x0000000000000000, Narrow klass shift: 3
Compressed class space size: 1073741824 Address: 0x0000000100000000

Heap:
 PSYoungGen      total 37888K, used 24992K [0x00000000d6180000, 0x00000000d8b80000, 0x0000000100000000)
  eden space 32768K, 60% used [0x00000000d6180000,0x00000000d74ea438,0x00000000d8180000)
  from space 5120K, 99% used [0x00000000d8680000,0x00000000d8b7dd20,0x00000000d8b80000)
  to   space 5120K, 0% used [0x00000000d8180000,0x00000000d8180000,0x00000000d8680000)
 ParOldGen       total 86016K, used 54K [0x0000000082400000, 0x0000000087800000, 0x00000000d6180000)
  object space 86016K, 0% used [0x0000000082400000,0x000000008240da70,0x0000000087800000)
 Metaspace       used 15081K, capacity 15606K, committed 15744K, reserved 1064960K
  class space    used 1994K, capacity 2123K, committed 2176K, reserved 1048576K

Card table byte_map: [0x0000000011c80000,0x0000000012070000] byte_map_base: 0x000000001186e000

Marking Bits: (ParMarkBitMap*) 0x000000005f80be30
 Begin Bits: [0x0000000012710000, 0x0000000014680000)
 End Bits:   [0x0000000014680000, 0x00000000165f0000)

Polling page: 0x0000000000e80000

CodeCache: size=245760Kb used=4301Kb max_used=4301Kb free=241458Kb
 bounds [0x00000000028c0000, 0x0000000002d00000, 0x00000000118c0000]
 total_blobs=1636 nmethods=1298 adapters=251
 compilation: enabled

Compilation events (10 events):
Event: 1.636 Thread 0x00000000173c5800 nmethod 1243 0x0000000002cbfd10 code [0x0000000002cbfe60, 0x0000000002cc0288]
Event: 1.636 Thread 0x00000000173c5800 1235   !   4       java.util.concurrent.ConcurrentHashMap::transfer (832 bytes)
Event: 1.654 Thread 0x00000000173c5800 nmethod 1235 0x0000000002cc0950 code [0x0000000002cc0ae0, 0x0000000002cc1828]
Event: 1.659 Thread 0x00000000173cd800 1244       1       java.lang.Class$MethodArray::length (5 bytes)
Event: 1.659 Thread 0x00000000173cd800 nmethod 1244 0x0000000002cb8c50 code [0x0000000002cb8da0, 0x0000000002cb8eb0]
Event: 1.659 Thread 0x00000000173c5800 1245       4       java.io.DataOutputStream::writeShort (35 bytes)
Event: 1.660 Thread 0x00000000173cd800 1246       3       sun.reflect.ReflectionFactory::inflationThreshold (4 bytes)
Event: 1.660 Thread 0x00000000173cd800 nmethod 1246 0x0000000002cc0650 code [0x0000000002cc07a0, 0x0000000002cc08d0]
Event: 1.661 Thread 0x00000000173cd800 1247       3       java.nio.HeapByteBuffer::get (14 bytes)
Event: 1.661 Thread 0x00000000173cd800 nmethod 1247 0x0000000002cbf610 code [0x0000000002cbf7a0, 0x0000000002cbfb48]

GC Heap History (4 events):
Event: 1.088 GC heap before
{Heap before GC invocations=1 (full 0):
 PSYoungGen      total 37888K, used 32768K [0x00000000d6180000, 0x00000000d8b80000, 0x0000000100000000)
  eden space 32768K, 100% used [0x00000000d6180000,0x00000000d8180000,0x00000000d8180000)
  from space 5120K, 0% used [0x00000000d8680000,0x00000000d8680000,0x00000000d8b80000)
  to   space 5120K, 0% used [0x00000000d8180000,0x00000000d8180000,0x00000000d8680000)
 ParOldGen       total 86016K, used 0K [0x0000000082400000, 0x0000000087800000, 0x00000000d6180000)
  object space 86016K, 0% used [0x0000000082400000,0x0000000082400000,0x0000000087800000)
 Metaspace       used 10237K, capacity 10560K, committed 10880K, reserved 1058816K
  class space    used 1196K, capacity 1306K, committed 1408K, reserved 1048576K
Event: 1.094 GC heap after
Heap after GC invocations=1 (full 0):
 PSYoungGen      total 37888K, used 4981K [0x00000000d6180000, 0x00000000d8b80000, 0x0000000100000000)
  eden space 32768K, 0% used [0x00000000d6180000,0x00000000d6180000,0x00000000d8180000)
  from space 5120K, 97% used [0x00000000d8180000,0x00000000d865d648,0x00000000d8680000)
  to   space 5120K, 0% used [0x00000000d8680000,0x00000000d8680000,0x00000000d8b80000)
 ParOldGen       total 86016K, used 16K [0x0000000082400000, 0x0000000087800000, 0x00000000d6180000)
  object space 86016K, 0% used [0x0000000082400000,0x0000000082404000,0x0000000087800000)
 Metaspace       used 10237K, capacity 10560K, committed 10880K, reserved 1058816K
  class space    used 1196K, capacity 1306K, committed 1408K, reserved 1048576K
}
Event: 1.430 GC heap before
{Heap before GC invocations=2 (full 0):
 PSYoungGen      total 37888K, used 37749K [0x00000000d6180000, 0x00000000d8b80000, 0x0000000100000000)
  eden space 32768K, 100% used [0x00000000d6180000,0x00000000d8180000,0x00000000d8180000)
  from space 5120K, 97% used [0x00000000d8180000,0x00000000d865d648,0x00000000d8680000)
  to   space 5120K, 0% used [0x00000000d8680000,0x00000000d8680000,0x00000000d8b80000)
 ParOldGen       total 86016K, used 16K [0x0000000082400000, 0x0000000087800000, 0x00000000d6180000)
  object space 86016K, 0% used [0x0000000082400000,0x0000000082404000,0x0000000087800000)
 Metaspace       used 13229K, capacity 13680K, committed 13952K, reserved 1060864K
  class space    used 1736K, capacity 1874K, committed 1920K, reserved 1048576K
Event: 1.435 GC heap after
Heap after GC invocations=2 (full 0):
 PSYoungGen      total 37888K, used 5111K [0x00000000d6180000, 0x00000000d8b80000, 0x0000000100000000)
  eden space 32768K, 0% used [0x00000000d6180000,0x00000000d6180000,0x00000000d8180000)
  from space 5120K, 99% used [0x00000000d8680000,0x00000000d8b7dd20,0x00000000d8b80000)
  to   space 5120K, 0% used [0x00000000d8180000,0x00000000d8180000,0x00000000d8680000)
 ParOldGen       total 86016K, used 54K [0x0000000082400000, 0x0000000087800000, 0x00000000d6180000)
  object space 86016K, 0% used [0x0000000082400000,0x000000008240da70,0x0000000087800000)
 Metaspace       used 13229K, capacity 13680K, committed 13952K, reserved 1060864K
  class space    used 1736K, capacity 1874K, committed 1920K, reserved 1048576K
}

Deoptimization events (7 events):
Event: 0.828 Thread 0x00000000027c4800 Uncommon trap: reason=unstable_if action=reinterpret pc=0x0000000002a720f0 method=java.lang.String.indexOf([CII[CIII)I @ 3
Event: 0.854 Thread 0x00000000190f5000 Uncommon trap: reason=range_check action=make_not_entrant pc=0x0000000002b50360 method=sun.reflect.generics.parser.SignatureParser.current()C @ 34
Event: 1.479 Thread 0x00000000027c4800 Uncommon trap: reason=unstable_if action=reinterpret pc=0x0000000002bc735c method=java.util.HashMap.getNode(ILjava/lang/Object;)Ljava/util/HashMap$Node; @ 129
Event: 1.479 Thread 0x00000000027c4800 Uncommon trap: reason=unstable_if action=reinterpret pc=0x0000000002c78e58 method=java.util.HashMap.putVal(ILjava/lang/Object;Ljava/lang/Object;ZZ)Ljava/lang/Object; @ 181
Event: 1.479 Thread 0x00000000027c4800 Uncommon trap: reason=unstable_if action=reinterpret pc=0x0000000002b53278 method=java.util.HashMap.getNode(ILjava/lang/Object;)Ljava/util/HashMap$Node; @ 129
Event: 1.544 Thread 0x00000000027c4800 Uncommon trap: reason=unstable_if action=reinterpret pc=0x0000000002bd40cc method=java.io.WinNTFileSystem.normalize(Ljava/lang/String;II)Ljava/lang/String; @ 90
Event: 1.574 Thread 0x00000000190f5000 Uncommon trap: reason=unstable_if action=reinterpret pc=0x0000000002c7afe4 method=java.util.HashMap.putVal(ILjava/lang/Object;Ljava/lang/Object;ZZ)Ljava/lang/Object; @ 181

Classes redefined (0 events):
No events

Internal exceptions (10 events):
Event: 0.791 Thread 0x00000000027c4800 Exception <a 'java/lang/ArrayIndexOutOfBoundsException'> (0x00000000d70c1b98) thrown at [C:\ade\jenkins\workspace\8-2-build-windows-amd64-cygwin\jdk8u241\331\hotspot\src\share\vm\runtime\sharedRuntime.cpp, line 605]
Event: 0.791 Thread 0x00000000027c4800 Exception <a 'java/lang/ArrayIndexOutOfBoundsException'> (0x00000000d70c3900) thrown at [C:\ade\jenkins\workspace\8-2-build-windows-amd64-cygwin\jdk8u241\331\hotspot\src\share\vm\runtime\sharedRuntime.cpp, line 605]
Event: 0.850 Thread 0x00000000190f5000 Exception <a 'java/lang/ArrayIndexOutOfBoundsException'> (0x00000000d7334310) thrown at [C:\ade\jenkins\workspace\8-2-build-windows-amd64-cygwin\jdk8u241\331\hotspot\src\share\vm\runtime\sharedRuntime.cpp, line 605]
Event: 0.850 Thread 0x00000000190f5000 Exception <a 'java/lang/ArrayIndexOutOfBoundsException'> (0x00000000d7335458) thrown at [C:\ade\jenkins\workspace\8-2-build-windows-amd64-cygwin\jdk8u241\331\hotspot\src\share\vm\runtime\sharedRuntime.cpp, line 605]
Event: 0.854 Thread 0x00000000190f5000 Exception <a 'java/lang/ArrayIndexOutOfBoundsException': 117> (0x00000000d741dc80) thrown at [C:\ade\jenkins\workspace\8-2-build-windows-amd64-cygwin\jdk8u241\331\hotspot\src\share\vm\interpreter\interpreterRuntime.cpp, line 368]
Event: 0.854 Thread 0x00000000027c4800 Exception <a 'java/io/FileNotFoundException'> (0x00000000d73c8a60) thrown at [C:\ade\jenkins\workspace\8-2-build-windows-amd64-cygwin\jdk8u241\331\hotspot\src\share\vm\prims\jni.cpp, line 710]
Event: 0.856 Thread 0x00000000190f5000 Exception <a 'java/lang/ArrayIndexOutOfBoundsException': 113> (0x00000000d7445700) thrown at [C:\ade\jenkins\workspace\8-2-build-windows-amd64-cygwin\jdk8u241\331\hotspot\src\share\vm\interpreter\interpreterRuntime.cpp, line 368]
Event: 0.856 Thread 0x00000000190f5000 Exception <a 'java/lang/ArrayIndexOutOfBoundsException': 60> (0x00000000d7446838) thrown at [C:\ade\jenkins\workspace\8-2-build-windows-amd64-cygwin\jdk8u241\331\hotspot\src\share\vm\interpreter\interpreterRuntime.cpp, line 368]
Event: 1.148 Thread 0x00000000027c4800 Exception <a 'java/lang/NoSuchMethodError': java.lang.Object.lambda$chars$0()Ljava/util/Spliterator$OfInt;> (0x00000000d6653078) thrown at [C:\ade\jenkins\workspace\8-2-build-windows-amd64-cygwin\jdk8u241\331\hotspot\src\share\vm\interpreter\linkResolver.
Event: 1.549 Thread 0x00000000027c4800 Exception <a 'java/lang/NoSuchMethodError': org.slf4j.impl.StaticMDCBinder.getSingleton()Lorg/slf4j/impl/StaticMDCBinder;> (0x00000000d6c62790) thrown at [C:\ade\jenkins\workspace\8-2-build-windows-amd64-cygwin\jdk8u241\331\hotspot\src\share\vm\interprete

Events (10 events):
Event: 1.657 loading class com/fasterxml/jackson/core/JsonGenerator
Event: 1.657 loading class com/fasterxml/jackson/core/JsonGenerator done
Event: 1.658 loading class com/fasterxml/jackson/dataformat/xml/XmlMapper
Event: 1.658 loading class com/fasterxml/jackson/dataformat/xml/XmlMapper done
Event: 1.659 loading class com/fasterxml/jackson/dataformat/xml$XmlMapper
Event: 1.659 loading class com/fasterxml/jackson/dataformat/xml$XmlMapper done
Event: 1.659 loading class com/fasterxml/jackson/dataformat/smile/SmileFactory
Event: 1.659 loading class com/fasterxml/jackson/dataformat/smile/SmileFactory done
Event: 1.661 loading class org/springframework/boot/autoconfigure/AutoConfigurationExcludeFilter
Event: 1.661 loading class org/springframework/boot/autoconfigure/AutoConfigurationExcludeFilter done


Dynamic libraries:
0x00007ff6a64a0000 - 0x00007ff6a64d7000 	C:\Program Files\Java\jdk1.8.0_241\bin\javaw.exe
0x00007ff9002c0000 - 0x00007ff9004b0000 	C:\WINDOWS\SYSTEM32\ntdll.dll
0x00007ff8ffe20000 - 0x00007ff8ffed2000 	C:\WINDOWS\System32\KERNEL32.DLL
0x00007ff8fd350000 - 0x00007ff8fd5f3000 	C:\WINDOWS\System32\KERNELBASE.dll
0x00007ff8feaf0000 - 0x00007ff8feb93000 	C:\WINDOWS\System32\ADVAPI32.dll
0x00007ff8ffee0000 - 0x00007ff8fff7e000 	C:\WINDOWS\System32\msvcrt.dll
0x00007ff8ff250000 - 0x00007ff8ff2e7000 	C:\WINDOWS\System32\sechost.dll
0x00007ff8fed50000 - 0x00007ff8fee70000 	C:\WINDOWS\System32\RPCRT4.dll
0x00007ff8ffa90000 - 0x00007ff8ffc24000 	C:\WINDOWS\System32\USER32.dll
0x00007ff8fd820000 - 0x00007ff8fd841000 	C:\WINDOWS\System32\win32u.dll
0x00007ff8ffdf0000 - 0x00007ff8ffe16000 	C:\WINDOWS\System32\GDI32.dll
0x00007ff8fdfd0000 - 0x00007ff8fe164000 	C:\WINDOWS\System32\gdi32full.dll
0x00007ff8fe170000 - 0x00007ff8fe20e000 	C:\WINDOWS\System32\msvcp_win.dll
0x00007ff8fd250000 - 0x00007ff8fd34a000 	C:\WINDOWS\System32\ucrtbase.dll
0x00007ff8f8120000 - 0x00007ff8f83a5000 	C:\WINDOWS\WinSxS\amd64_microsoft.windows.common-controls_6595b64144ccf1df_6.0.18362.720_none_e6beb5c51314836b\COMCTL32.dll
0x00007ff8fef10000 - 0x00007ff8ff246000 	C:\WINDOWS\System32\combase.dll
0x00007ff8fe2f0000 - 0x00007ff8fe370000 	C:\WINDOWS\System32\bcryptPrimitives.dll
0x00007ff8fff90000 - 0x00007ff8fffbe000 	C:\WINDOWS\System32\IMM32.DLL
0x000000005ebe0000 - 0x000000005ecb2000 	C:\Program Files\Java\jdk1.8.0_241\jre\bin\msvcr100.dll
0x000000005efe0000 - 0x000000005f88c000 	C:\Program Files\Java\jdk1.8.0_241\jre\bin\server\jvm.dll
0x00007ff8feef0000 - 0x00007ff8feef8000 	C:\WINDOWS\System32\PSAPI.DLL
0x00007ff8fa510000 - 0x00007ff8fa534000 	C:\WINDOWS\SYSTEM32\WINMM.dll
0x00007ff8f7eb0000 - 0x00007ff8f7eba000 	C:\WINDOWS\SYSTEM32\VERSION.dll
0x00007ff8f93f0000 - 0x00007ff8f941d000 	C:\WINDOWS\SYSTEM32\WINMMBASE.dll
0x00007ff8fd750000 - 0x00007ff8fd79a000 	C:\WINDOWS\System32\cfgmgr32.dll
0x00007ff8ece00000 - 0x00007ff8ece09000 	C:\WINDOWS\SYSTEM32\WSOCK32.dll
0x00007ff8fea80000 - 0x00007ff8feaef000 	C:\WINDOWS\System32\WS2_32.dll
0x00007ff8f7600000 - 0x00007ff8f760f000 	C:\Program Files\Java\jdk1.8.0_241\jre\bin\verify.dll
0x00007ff8f1cb0000 - 0x00007ff8f1cd9000 	C:\Program Files\Java\jdk1.8.0_241\jre\bin\java.dll
0x00007ff8f2ea0000 - 0x00007ff8f2eb6000 	C:\Program Files\Java\jdk1.8.0_241\jre\bin\zip.dll
0x00007ff8ff2f0000 - 0x00007ff8ff9d5000 	C:\WINDOWS\System32\SHELL32.dll
0x00007ff900090000 - 0x00007ff900139000 	C:\WINDOWS\System32\shcore.dll
0x00007ff8fd850000 - 0x00007ff8fdfd0000 	C:\WINDOWS\System32\windows.storage.dll
0x00007ff8fd220000 - 0x00007ff8fd243000 	C:\WINDOWS\System32\profapi.dll
0x00007ff8fd1d0000 - 0x00007ff8fd21a000 	C:\WINDOWS\System32\powrprof.dll
0x00007ff8fd180000 - 0x00007ff8fd190000 	C:\WINDOWS\System32\UMPDC.dll
0x00007ff8fee90000 - 0x00007ff8feee2000 	C:\WINDOWS\System32\shlwapi.dll
0x00007ff8fd1b0000 - 0x00007ff8fd1c1000 	C:\WINDOWS\System32\kernel.appcore.dll
0x00007ff8fd800000 - 0x00007ff8fd817000 	C:\WINDOWS\System32\cryptsp.dll
0x00007ff8fac80000 - 0x00007ff8fac8d000 	C:\Program Files\Java\jdk1.8.0_241\jre\bin\management.dll
0x00007ff8f2a30000 - 0x00007ff8f2a4a000 	C:\Program Files\Java\jdk1.8.0_241\jre\bin\net.dll
0x00007ff8fc990000 - 0x00007ff8fc9f7000 	C:\WINDOWS\system32\mswsock.dll
0x00007ff8e9ec0000 - 0x00007ff8e9ed6000 	C:\WINDOWS\system32\napinsp.dll
0x00007ff8e9ea0000 - 0x00007ff8e9eba000 	C:\WINDOWS\system32\pnrpnsp.dll
0x00007ff8fc6f0000 - 0x00007ff8fc7ba000 	C:\WINDOWS\SYSTEM32\DNSAPI.dll
0x00007ff8fef00000 - 0x00007ff8fef08000 	C:\WINDOWS\System32\NSI.dll
0x00007ff8fc6a0000 - 0x00007ff8fc6da000 	C:\WINDOWS\SYSTEM32\IPHLPAPI.DLL
0x00007ff8e9740000 - 0x00007ff8e974e000 	C:\WINDOWS\System32\winrnr.dll
0x00007ff8f9420000 - 0x00007ff8f943c000 	C:\WINDOWS\system32\NLAapi.dll
0x00007ff8e9720000 - 0x00007ff8e9735000 	C:\WINDOWS\system32\wshbth.dll
0x00007ff8f1d30000 - 0x00007ff8f1d3a000 	C:\Windows\System32\rasadhlp.dll
0x00007ff8f62e0000 - 0x00007ff8f6357000 	C:\WINDOWS\System32\fwpuclnt.dll
0x00007ff8fe210000 - 0x00007ff8fe236000 	C:\WINDOWS\System32\bcrypt.dll

VM Arguments:
jvm_args: -Dfile.encoding=UTF-8 
java_command: com.GoCook.Boundaries.GoCookApplication
java_class_path (initial): C:\Users\aline\Desktop\gocook\GoCook\target\classes;C:\Users\aline\.m2\repository\org\springframework\boot\spring-boot-starter-data-jpa\2.1.5.RELEASE\spring-boot-starter-data-jpa-2.1.5.RELEASE.jar;C:\Users\aline\.m2\repository\org\springframework\boot\spring-boot-starter-aop\2.1.5.RELEASE\spring-boot-starter-aop-2.1.5.RELEASE.jar;C:\Users\aline\.m2\repository\org\springframework\spring-aop\5.1.7.RELEASE\spring-aop-5.1.7.RELEASE.jar;C:\Users\aline\.m2\repository\org\aspectj\aspectjweaver\1.9.4\aspectjweaver-1.9.4.jar;C:\Users\aline\.m2\repository\org\springframework\boot\spring-boot-starter-jdbc\2.1.5.RELEASE\spring-boot-starter-jdbc-2.1.5.RELEASE.jar;C:\Users\aline\.m2\repository\com\zaxxer\HikariCP\3.2.0\HikariCP-3.2.0.jar;C:\Users\aline\.m2\repository\org\springframework\spring-jdbc\5.1.7.RELEASE\spring-jdbc-5.1.7.RELEASE.jar;C:\Users\aline\.m2\repository\javax\transaction\javax.transaction-api\1.3\javax.transaction-api-1.3.jar;C:\Users\aline\.m2\repository\javax\xml\bind\jaxb-api\2.3.1\jaxb-api-2.3.1.jar;C:\Users\aline\.m2\repository\javax\activation\javax.activation-api\1.2.0\javax.activation-api-1.2.0.jar;C:\Users\aline\.m2\repository\org\hibernate\hibernate-core\5.3.10.Final\hibernate-core-5.3.10.Final.jar;C:\Users\aline\.m2\repository\org\jboss\logging\jboss-logging\3.3.2.Final\jboss-logging-3.3.2.Final.jar;C:\Users\aline\.m2\repository\javax\persistence\javax.persistence-api\2.2\javax.persistence-api-2.2.jar;C:\Users\aline\.m2\repository\org\javassist\javassist\3.23.2-GA\javassist-3.23.2-GA.jar;C:\Users\aline\.m2\repository\net\bytebuddy\byte-buddy\1.9.12\byte-buddy-1.9.12.jar;C:\Users\aline\.m2\repository\antlr\antlr\2.7.7\antlr-2.7.7.jar;C:\Users\aline\.m2\repository\org\jboss\jandex\2.0.5.Final\jandex-2.0.5.Final.jar;C:\Users\aline\.m2\repository\com\fasterxml\classmate\1.4.0\classmate-1.4.0.jar;C:\Users\aline\.m2\repository\org\dom4j\dom4j\2.1.1\dom4j-2.1.1.jar;C:\Users\aline\.m2\repository\org\hibernate\common\hibernate-comm
Launcher Type: SUN_STANDARD

Environment Variables:
PATH=C:/Program Files/Java/jdk1.8.0_241/bin/../jre/bin/server;C:/Program Files/Java/jdk1.8.0_241/bin/../jre/bin;C:/Program Files/Java/jdk1.8.0_241/bin/../jre/lib/amd64;C:\Program Files (x86)\NVIDIA Corporation\PhysX\Common;C:\Program Files (x86)\Intel\iCLS Client\;C:\Program Files\Intel\iCLS Client\;C:\WINDOWS\system32;C:\WINDOWS;C:\WINDOWS\System32\Wbem;C:\WINDOWS\System32\WindowsPowerShell\v1.0\;C:\Program Files (x86)\Intel\OpenCL SDK\2.0\bin\x86;C:\Program Files (x86)\Intel\OpenCL SDK\2.0\bin\x64;C:\Program Files\Intel\Intel(R) Management Engine Components\DAL;C:\Program Files\Intel\Intel(R) Management Engine Components\IPT;C:\Program Files (x86)\Intel\Intel(R) Management Engine Components\DAL;C:\Program Files (x86)\Intel\Intel(R) Management Engine Components\IPT;C:\Program Files\Intel\WiFi\bin\;C:\Program Files\Common Files\Intel\WirelessCommon\;C:\Program Files\dotnet\;C:\Program Files\Microsoft SQL Server\130\Tools\Binn\;C:\WINDOWS\system32\config\systemprofile\.dnx\bin;C:\Program Files\Microsoft DNX\Dnvm\;C:\WINDOWS\System32\OpenSSH\;C:\Program Files\Microsoft SQL Server\Client SDK\ODBC\110\Tools\Binn\;C:\Program Files (x86)\Microsoft SQL Server\120\Tools\Binn\;C:\Program Files\Microsoft SQL Server\120\Tools\Binn\;C:\Program Files\Microsoft SQL Server\120\DTS\Binn\;C:\Program Files (x86)\Microsoft SQL Server\120\Tools\Binn\ManagementStudio\;C:\Program Files (x86)\Microsoft SQL Server\120\DTS\Binn\;C:\Program Files\Microsoft VS Code\bin;C:\Program Files\Git\cmd;C:\Program Files\Java\jdk1.8.0_241\bin;C:\Program Files\Intel\WiFi\bin\;C:\Program Files\Common Files\Intel\WirelessCommon\;C:\Users\aline\AppData\Local\Microsoft\WindowsApps;;C:\Program Files\eclipse;
USERNAME=aline
OS=Windows_NT
PROCESSOR_IDENTIFIER=Intel64 Family 6 Model 58 Stepping 9, GenuineIntel



---------------  S Y S T E M  ---------------

OS: Windows 10.0 , 64 bit Build 18362 (10.0.18362.329)

CPU:total 4 (initial active 4) (2 cores per cpu, 2 threads per core) family 6 model 58 stepping 9, cmov, cx8, fxsr, mmx, sse, sse2, sse3, ssse3, sse4.1, sse4.2, popcnt, avx, aes, clmul, erms, ht, tsc, tscinvbit, tscinv

Memory: 4k page, physical 8240660k(1556388k free), swap 9477652k(24948k free)

vm_info: Java HotSpot(TM) 64-Bit Server VM (25.241-b07) for windows-amd64 JRE (1.8.0_241-b07), built on Dec 11 2019 10:21:40 by "rejava" with MS VC++ 10.0 (VS2010)

time: Wed Apr 08 10:48:20 2020
timezone: Hor. de Verão do Pacífico (EUA)
elapsed time: 1 seconds (0d 0h 0m 1s)

