#
# There is insufficient memory for the Java Runtime Environment to continue.
# Native memory allocation (malloc) failed to allocate 1092576 bytes for Chunk::new
# Possible reasons:
#   The system is out of physical RAM or swap space
#   The process is running with CompressedOops enabled, and the Java Heap may be blocking the growth of the native heap
# Possible solutions:
#   Reduce memory load on the system
#   Increase physical memory or swap space
#   Check if swap backing store is full
#   Decrease Java heap size (-Xmx/-Xms)
#   Decrease number of Java threads
#   Decrease Java thread stack sizes (-Xss)
#   Set larger code cache with -XX:ReservedCodeCacheSize=
#   JVM is running with Unscaled Compressed Oops mode in which the Java heap is
#     placed in the first 4GB address space. The Java Heap base address is the
#     maximum limit for the native heap growth. Please use -XX:HeapBaseMinAddress
#     to set the Java Heap base and to place the Java Heap above 4GB virtual address.
# This output file may be truncated or incomplete.
#
#  Out of Memory Error (allocation.cpp:389), pid=9408, tid=0x0000000000002ed8
#
# JRE version: Java(TM) SE Runtime Environment (8.0_241-b07) (build 1.8.0_241-b07)
# Java VM: Java HotSpot(TM) 64-Bit Server VM (25.241-b07 mixed mode windows-amd64 compressed oops)
# Failed to write core dump. Minidumps are not enabled by default on client versions of Windows
#

---------------  T H R E A D  ---------------

Current thread (0x00000000170bf800):  JavaThread "C2 CompilerThread0" daemon [_thread_in_native, id=11992, stack(0x0000000018710000,0x0000000018810000)]

Stack: [0x0000000018710000,0x0000000018810000]
[error occurred during error reporting (printing stack bounds), id 0xc0000005]

Native frames: (J=compiled Java code, j=interpreted, Vv=VM code, C=native code)


Current CompileTask:
C2:   7458 4594   !   4       org.springframework.core.annotation.AnnotatedElementUtils::searchWithFindSemantics (774 bytes)


---------------  P R O C E S S  ---------------

Java Threads: ( => current thread )
  0x000000001a9a3000 JavaThread "HikariPool-1 connection adder" daemon [_thread_blocked, id=25792, stack(0x0000000020ab0000,0x0000000020bb0000)]
  0x000000001a64b800 JavaThread "HikariPool-1 housekeeper" daemon [_thread_blocked, id=24344, stack(0x000000001f550000,0x000000001f650000)]
  0x000000001bb25000 JavaThread "container-0" [_thread_blocked, id=8840, stack(0x000000001f250000,0x000000001f350000)]
  0x000000001d77e800 JavaThread "Catalina-utility-2" [_thread_blocked, id=3164, stack(0x000000001cb50000,0x000000001cc50000)]
  0x000000001d6a0000 JavaThread "Catalina-utility-1" [_thread_blocked, id=27668, stack(0x0000000019970000,0x0000000019a70000)]
  0x000000001710e800 JavaThread "Service Thread" daemon [_thread_blocked, id=25384, stack(0x0000000018e10000,0x0000000018f10000)]
  0x00000000170cb000 JavaThread "C1 CompilerThread2" daemon [_thread_in_native, id=28884, stack(0x0000000018910000,0x0000000018a10000)]
  0x00000000170c4800 JavaThread "C2 CompilerThread1" daemon [_thread_in_native, id=20488, stack(0x0000000018810000,0x0000000018910000)]
=>0x00000000170bf800 JavaThread "C2 CompilerThread0" daemon [_thread_in_native, id=11992, stack(0x0000000018710000,0x0000000018810000)]
  0x00000000170bd800 JavaThread "Attach Listener" daemon [_thread_blocked, id=28332, stack(0x0000000018610000,0x0000000018710000)]
  0x00000000170ba800 JavaThread "Signal Dispatcher" daemon [_thread_blocked, id=17016, stack(0x0000000018510000,0x0000000018610000)]
  0x00000000025ee800 JavaThread "Finalizer" daemon [_thread_blocked, id=24524, stack(0x0000000018300000,0x0000000018400000)]
  0x0000000017099800 JavaThread "Reference Handler" daemon [_thread_blocked, id=28820, stack(0x0000000018200000,0x0000000018300000)]
  0x00000000024f4800 JavaThread "main" [_thread_in_Java, id=23364, stack(0x00000000023f0000,0x00000000024f0000)]

Other Threads:
  0x0000000017078000 VMThread [stack: 0x0000000018100000,0x0000000018200000] [id=27900]
  0x0000000018a6b000 WatcherThread [stack: 0x0000000018f10000,0x0000000019010000] [id=28924]

VM state:not at safepoint (normal execution)

VM Mutex/Monitor currently owned by a thread: None

heap address: 0x0000000082400000, size: 2012 MB, Compressed Oops mode: 32-bit
Narrow klass base: 0x0000000000000000, Narrow klass shift: 3
Compressed class space size: 1073741824 Address: 0x0000000100000000

Heap:
 PSYoungGen      total 179712K, used 21561K [0x00000000d6180000, 0x00000000e3a80000, 0x0000000100000000)
  eden space 163840K, 3% used [0x00000000d6180000,0x00000000d6714488,0x00000000e0180000)
  from space 15872K, 99% used [0x00000000e0180000,0x00000000e10fa2b0,0x00000000e1100000)
  to   space 15872K, 0% used [0x00000000e1100000,0x00000000e1100000,0x00000000e2080000)
 ParOldGen       total 86528K, used 21046K [0x0000000082400000, 0x0000000087880000, 0x00000000d6180000)
  object space 86528K, 24% used [0x0000000082400000,0x000000008388da40,0x0000000087880000)
 Metaspace       used 56007K, capacity 58340K, committed 58416K, reserved 1099776K
  class space    used 7571K, capacity 7962K, committed 7984K, reserved 1048576K

Card table byte_map: [0x00000000119b0000,0x0000000011da0000] byte_map_base: 0x000000001159e000

Marking Bits: (ParMarkBitMap*) 0x000000005f80be30
 Begin Bits: [0x0000000012440000, 0x00000000143b0000)
 End Bits:   [0x00000000143b0000, 0x0000000016320000)

Polling page: 0x0000000000540000

CodeCache: size=245760Kb used=14913Kb max_used=15706Kb free=230846Kb
 bounds [0x00000000025f0000, 0x0000000003580000, 0x00000000115f0000]
 total_blobs=4970 nmethods=4427 adapters=454
 compilation: enabled

Compilation events (10 events):
Event: 7.423 Thread 0x00000000170cb000 4848       2       org.jboss.logging.Logger::isDebugEnabled (8 bytes)
Event: 7.424 Thread 0x00000000170cb000 nmethod 4848 0x000000000311e890 code [0x000000000311ea00, 0x000000000311eb88]
Event: 7.425 Thread 0x00000000170cb000 4849       2       org.h2.engine.Session::getTransaction (88 bytes)
Event: 7.426 Thread 0x00000000170cb000 nmethod 4849 0x0000000002d6abd0 code [0x0000000002d6ada0, 0x0000000002d6b2f8]
Event: 7.426 Thread 0x00000000170cb000 4850       2       org.h2.mvstore.RootReference::getAppendCounter (9 bytes)
Event: 7.426 Thread 0x00000000170cb000 nmethod 4850 0x000000000294cb90 code [0x000000000294cce0, 0x000000000294ce30]
Event: 7.428 Thread 0x00000000170cb000 4851       2       java.util.concurrent.locks.ReentrantLock$Sync::nonfairTryAcquire (67 bytes)
Event: 7.428 Thread 0x00000000170cb000 nmethod 4851 0x000000000281b250 code [0x000000000281b3c0, 0x000000000281b648]
Event: 7.429 Thread 0x00000000170cb000 4852       2       org.h2.message.TraceObject::debugCodeCall (49 bytes)
Event: 7.430 Thread 0x00000000170cb000 nmethod 4852 0x0000000002a33710 code [0x0000000002a33900, 0x0000000002a33f38]

GC Heap History (10 events):
Event: 2.007 GC heap before
{Heap before GC invocations=7 (full 1):
 PSYoungGen      total 70656K, used 65475K [0x00000000d6180000, 0x00000000dfb80000, 0x0000000100000000)
  eden space 65536K, 99% used [0x00000000d6180000,0x00000000da170df0,0x00000000da180000)
  from space 5120K, 0% used [0x00000000da180000,0x00000000da180000,0x00000000da680000)
  to   space 13312K, 0% used [0x00000000dee80000,0x00000000dee80000,0x00000000dfb80000)
 ParOldGen       total 60416K, used 7548K [0x0000000082400000, 0x0000000085f00000, 0x00000000d6180000)
  object space 60416K, 12% used [0x0000000082400000,0x0000000082b5f148,0x0000000085f00000)
 Metaspace       used 23710K, capacity 24468K, committed 24496K, reserved 1071104K
  class space    used 3036K, capacity 3240K, committed 3248K, reserved 1048576K
Event: 2.014 GC heap after
Heap after GC invocations=7 (full 1):
 PSYoungGen      total 109056K, used 3448K [0x00000000d6180000, 0x00000000df200000, 0x0000000100000000)
  eden space 105472K, 0% used [0x00000000d6180000,0x00000000d6180000,0x00000000dc880000)
  from space 3584K, 96% used [0x00000000dee80000,0x00000000df1de030,0x00000000df200000)
  to   space 13312K, 0% used [0x00000000dd800000,0x00000000dd800000,0x00000000de500000)
 ParOldGen       total 60416K, used 7620K [0x0000000082400000, 0x0000000085f00000, 0x00000000d6180000)
  object space 60416K, 12% used [0x0000000082400000,0x0000000082b71158,0x0000000085f00000)
 Metaspace       used 23710K, capacity 24468K, committed 24496K, reserved 1071104K
  class space    used 3036K, capacity 3240K, committed 3248K, reserved 1048576K
}
Event: 4.124 GC heap before
{Heap before GC invocations=8 (full 1):
 PSYoungGen      total 109056K, used 108920K [0x00000000d6180000, 0x00000000df200000, 0x0000000100000000)
  eden space 105472K, 100% used [0x00000000d6180000,0x00000000dc880000,0x00000000dc880000)
  from space 3584K, 96% used [0x00000000dee80000,0x00000000df1de030,0x00000000df200000)
  to   space 13312K, 0% used [0x00000000dd800000,0x00000000dd800000,0x00000000de500000)
 ParOldGen       total 60416K, used 7620K [0x0000000082400000, 0x0000000085f00000, 0x00000000d6180000)
  object space 60416K, 12% used [0x0000000082400000,0x0000000082b71158,0x0000000085f00000)
 Metaspace       used 32265K, capacity 33776K, committed 33968K, reserved 1079296K
  class space    used 4148K, capacity 4440K, committed 4528K, reserved 1048576K
Event: 4.138 GC heap after
Heap after GC invocations=8 (full 1):
 PSYoungGen      total 134656K, used 13302K [0x00000000d6180000, 0x00000000e2080000, 0x0000000100000000)
  eden space 121344K, 0% used [0x00000000d6180000,0x00000000d6180000,0x00000000dd800000)
  from space 13312K, 99% used [0x00000000dd800000,0x00000000de4fd898,0x00000000de500000)
  to   space 15872K, 0% used [0x00000000e1100000,0x00000000e1100000,0x00000000e2080000)
 ParOldGen       total 60416K, used 8359K [0x0000000082400000, 0x0000000085f00000, 0x00000000d6180000)
  object space 60416K, 13% used [0x0000000082400000,0x0000000082c29e28,0x0000000085f00000)
 Metaspace       used 32265K, capacity 33776K, committed 33968K, reserved 1079296K
  class space    used 4148K, capacity 4440K, committed 4528K, reserved 1048576K
}
Event: 4.495 GC heap before
{Heap before GC invocations=9 (full 1):
 PSYoungGen      total 134656K, used 67056K [0x00000000d6180000, 0x00000000e2080000, 0x0000000100000000)
  eden space 121344K, 44% used [0x00000000d6180000,0x00000000d95fe820,0x00000000dd800000)
  from space 13312K, 99% used [0x00000000dd800000,0x00000000de4fd898,0x00000000de500000)
  to   space 15872K, 0% used [0x00000000e1100000,0x00000000e1100000,0x00000000e2080000)
 ParOldGen       total 60416K, used 8359K [0x0000000082400000, 0x0000000085f00000, 0x00000000d6180000)
  object space 60416K, 13% used [0x0000000082400000,0x0000000082c29e28,0x0000000085f00000)
 Metaspace       used 33761K, capacity 35378K, committed 35496K, reserved 1081344K
  class space    used 4329K, capacity 4635K, committed 4656K, reserved 1048576K
Event: 4.506 GC heap after
Heap after GC invocations=9 (full 1):
 PSYoungGen      total 179712K, used 9716K [0x00000000d6180000, 0x00000000e3a80000, 0x0000000100000000)
  eden space 163840K, 0% used [0x00000000d6180000,0x00000000d6180000,0x00000000e0180000)
  from space 15872K, 61% used [0x00000000e1100000,0x00000000e1a7d1b8,0x00000000e2080000)
  to   space 15872K, 0% used [0x00000000e0180000,0x00000000e0180000,0x00000000e1100000)
 ParOldGen       total 60416K, used 8367K [0x0000000082400000, 0x0000000085f00000, 0x00000000d6180000)
  object space 60416K, 13% used [0x0000000082400000,0x0000000082c2be28,0x0000000085f00000)
 Metaspace       used 33761K, capacity 35378K, committed 35496K, reserved 1081344K
  class space    used 4329K, capacity 4635K, committed 4656K, reserved 1048576K
}
Event: 4.506 GC heap before
{Heap before GC invocations=10 (full 2):
 PSYoungGen      total 179712K, used 9716K [0x00000000d6180000, 0x00000000e3a80000, 0x0000000100000000)
  eden space 163840K, 0% used [0x00000000d6180000,0x00000000d6180000,0x00000000e0180000)
  from space 15872K, 61% used [0x00000000e1100000,0x00000000e1a7d1b8,0x00000000e2080000)
  to   space 15872K, 0% used [0x00000000e0180000,0x00000000e0180000,0x00000000e1100000)
 ParOldGen       total 60416K, used 8367K [0x0000000082400000, 0x0000000085f00000, 0x00000000d6180000)
  object space 60416K, 13% used [0x0000000082400000,0x0000000082c2be28,0x0000000085f00000)
 Metaspace       used 33761K, capacity 35378K, committed 35496K, reserved 1081344K
  class space    used 4329K, capacity 4635K, committed 4656K, reserved 1048576K
Event: 4.577 GC heap after
Heap after GC invocations=10 (full 2):
 PSYoungGen      total 179712K, used 0K [0x00000000d6180000, 0x00000000e3a80000, 0x0000000100000000)
  eden space 163840K, 0% used [0x00000000d6180000,0x00000000d6180000,0x00000000e0180000)
  from space 15872K, 0% used [0x00000000e1100000,0x00000000e1100000,0x00000000e2080000)
  to   space 15872K, 0% used [0x00000000e0180000,0x00000000e0180000,0x00000000e1100000)
 ParOldGen       total 86528K, used 13852K [0x0000000082400000, 0x0000000087880000, 0x00000000d6180000)
  object space 86528K, 16% used [0x0000000082400000,0x0000000083187068,0x0000000087880000)
 Metaspace       used 33761K, capacity 35378K, committed 35496K, reserved 1081344K
  class space    used 4329K, capacity 4635K, committed 4656K, reserved 1048576K
}
Event: 7.237 GC heap before
{Heap before GC invocations=11 (full 2):
 PSYoungGen      total 179712K, used 163840K [0x00000000d6180000, 0x00000000e3a80000, 0x0000000100000000)
  eden space 163840K, 100% used [0x00000000d6180000,0x00000000e0180000,0x00000000e0180000)
  from space 15872K, 0% used [0x00000000e1100000,0x00000000e1100000,0x00000000e2080000)
  to   space 15872K, 0% used [0x00000000e0180000,0x00000000e0180000,0x00000000e1100000)
 ParOldGen       total 86528K, used 13852K [0x0000000082400000, 0x0000000087880000, 0x00000000d6180000)
  object space 86528K, 16% used [0x0000000082400000,0x0000000083187068,0x0000000087880000)
 Metaspace       used 55315K, capacity 57606K, committed 57904K, reserved 1099776K
  class space    used 7481K, capacity 7879K, committed 7984K, reserved 1048576K
Event: 7.262 GC heap after
Heap after GC invocations=11 (full 2):
 PSYoungGen      total 179712K, used 15848K [0x00000000d6180000, 0x00000000e3a80000, 0x0000000100000000)
  eden space 163840K, 0% used [0x00000000d6180000,0x00000000d6180000,0x00000000e0180000)
  from space 15872K, 99% used [0x00000000e0180000,0x00000000e10fa2b0,0x00000000e1100000)
  to   space 15872K, 0% used [0x00000000e1100000,0x00000000e1100000,0x00000000e2080000)
 ParOldGen       total 86528K, used 21046K [0x0000000082400000, 0x0000000087880000, 0x00000000d6180000)
  object space 86528K, 24% used [0x0000000082400000,0x000000008388da40,0x0000000087880000)
 Metaspace       used 55315K, capacity 57606K, committed 57904K, reserved 1099776K
  class space    used 7481K, capacity 7879K, committed 7984K, reserved 1048576K
}

Deoptimization events (10 events):
Event: 7.065 Thread 0x00000000024f4800 Uncommon trap: reason=null_check action=make_not_entrant pc=0x0000000003533bbc method=org.springframework.core.annotation.AnnotatedElementUtils.searchWithFindSemantics(Ljava/lang/reflect/AnnotatedElement;Ljava/util/Set;Ljava/lang/String;Ljava/lang/Class;L
Event: 7.073 Thread 0x00000000024f4800 Uncommon trap: reason=class_check action=maybe_recompile pc=0x000000000329646c method=org.springframework.beans.factory.support.AbstractBeanFactory.isTypeMatch(Ljava/lang/String;Lorg/springframework/core/ResolvableType;)Z @ 47
Event: 7.199 Thread 0x00000000024f4800 Uncommon trap: reason=class_check action=maybe_recompile pc=0x00000000032610ec method=org.springframework.util.ConcurrentReferenceHashMap$Segment.findInChain(Lorg/springframework/util/ConcurrentReferenceHashMap$Reference;Ljava/lang/Object;I)Lorg/springfra
Event: 7.199 Thread 0x00000000024f4800 Uncommon trap: reason=class_check action=maybe_recompile pc=0x00000000031dc404 method=org.springframework.util.ConcurrentReferenceHashMap$Segment.findInChain(Lorg/springframework/util/ConcurrentReferenceHashMap$Reference;Ljava/lang/Object;I)Lorg/springfra
Event: 7.199 Thread 0x00000000024f4800 Uncommon trap: reason=class_check action=maybe_recompile pc=0x00000000032610ec method=org.springframework.util.ConcurrentReferenceHashMap$Segment.findInChain(Lorg/springframework/util/ConcurrentReferenceHashMap$Reference;Ljava/lang/Object;I)Lorg/springfra
Event: 7.199 Thread 0x00000000024f4800 Uncommon trap: reason=class_check action=maybe_recompile pc=0x000000000322a308 method=org.springframework.util.ConcurrentReferenceHashMap$Segment.findInChain(Lorg/springframework/util/ConcurrentReferenceHashMap$Reference;Ljava/lang/Object;I)Lorg/springfra
Event: 7.407 Thread 0x00000000024f4800 Uncommon trap: reason=class_check action=maybe_recompile pc=0x00000000033653ac method=sun.reflect.generics.reflectiveObjects.TypeVariableImpl.hashCode()I @ 4
Event: 7.407 Thread 0x00000000024f4800 Uncommon trap: reason=class_check action=maybe_recompile pc=0x00000000033653ac method=sun.reflect.generics.reflectiveObjects.TypeVariableImpl.hashCode()I @ 4
Event: 7.407 Thread 0x00000000024f4800 Uncommon trap: reason=class_check action=maybe_recompile pc=0x00000000033653ac method=sun.reflect.generics.reflectiveObjects.TypeVariableImpl.hashCode()I @ 4
Event: 7.407 Thread 0x00000000024f4800 Uncommon trap: reason=class_check action=maybe_recompile pc=0x00000000033653ac method=sun.reflect.generics.reflectiveObjects.TypeVariableImpl.hashCode()I @ 4

Classes redefined (0 events):
No events

Internal exceptions (10 events):
Event: 7.084 Thread 0x00000000024f4800 Exception <a 'java/lang/ClassNotFoundException': java/lang/ObjectCustomizer> (0x00000000dfaf4568) thrown at [C:\ade\jenkins\workspace\8-2-build-windows-amd64-cygwin\jdk8u241\331\hotspot\src\share\vm\classfile\systemDictionary.cpp, line 210]
Event: 7.084 Thread 0x00000000024f4800 Exception <a 'java/lang/ClassNotFoundException': com/GoCook/Entities/RecipeCustomizer> (0x00000000dfb05608) thrown at [C:\ade\jenkins\workspace\8-2-build-windows-amd64-cygwin\jdk8u241\331\hotspot\src\share\vm\classfile\systemDictionary.cpp, line 210]
Event: 7.104 Thread 0x00000000024f4800 Exception <a 'java/lang/ClassNotFoundException': java/lang/ObjectCustomizer> (0x00000000dfbaf988) thrown at [C:\ade\jenkins\workspace\8-2-build-windows-amd64-cygwin\jdk8u241\331\hotspot\src\share\vm\classfile\systemDictionary.cpp, line 210]
Event: 7.105 Thread 0x00000000024f4800 Exception <a 'java/lang/ClassNotFoundException': com/GoCook/Entities/QuantityCustomizer> (0x00000000dfbc0df0) thrown at [C:\ade\jenkins\workspace\8-2-build-windows-amd64-cygwin\jdk8u241\331\hotspot\src\share\vm\classfile\systemDictionary.cpp, line 210]
Event: 7.110 Thread 0x00000000024f4800 Exception <a 'java/lang/ClassNotFoundException': java/lang/ObjectCustomizer> (0x00000000dfbf95c8) thrown at [C:\ade\jenkins\workspace\8-2-build-windows-amd64-cygwin\jdk8u241\331\hotspot\src\share\vm\classfile\systemDictionary.cpp, line 210]
Event: 7.111 Thread 0x00000000024f4800 Exception <a 'java/lang/ClassNotFoundException': com/GoCook/Entities/UserCustomizer> (0x00000000dfc09840) thrown at [C:\ade\jenkins\workspace\8-2-build-windows-amd64-cygwin\jdk8u241\331\hotspot\src\share\vm\classfile\systemDictionary.cpp, line 210]
Event: 7.164 Thread 0x00000000024f4800 Exception <a 'java/lang/ClassNotFoundException': java/lang/ObjectCustomizer> (0x00000000dfe239d8) thrown at [C:\ade\jenkins\workspace\8-2-build-windows-amd64-cygwin\jdk8u241\331\hotspot\src\share\vm\classfile\systemDictionary.cpp, line 210]
Event: 7.165 Thread 0x00000000024f4800 Exception <a 'java/lang/ClassNotFoundException': com/GoCook/Entities/FoodGroupCustomizer> (0x00000000dfe352d0) thrown at [C:\ade\jenkins\workspace\8-2-build-windows-amd64-cygwin\jdk8u241\331\hotspot\src\share\vm\classfile\systemDictionary.cpp, line 210]
Event: 7.200 Thread 0x00000000024f4800 Exception <a 'java/lang/ClassNotFoundException': java/lang/ObjectCustomizer> (0x00000000dff46210) thrown at [C:\ade\jenkins\workspace\8-2-build-windows-amd64-cygwin\jdk8u241\331\hotspot\src\share\vm\classfile\systemDictionary.cpp, line 210]
Event: 7.201 Thread 0x00000000024f4800 Exception <a 'java/lang/ClassNotFoundException': com/GoCook/Entities/IngredientCustomizer> (0x00000000dff588a0) thrown at [C:\ade\jenkins\workspace\8-2-build-windows-amd64-cygwin\jdk8u241\331\hotspot\src\share\vm\classfile\systemDictionary.cpp, line 210]

Events (10 events):
Event: 7.409 loading class org/hibernate/engine/internal/EntityEntryContext$EntityEntryCrossRef
Event: 7.409 loading class org/hibernate/engine/internal/EntityEntryContext$EntityEntryCrossRef done
Event: 7.410 loading class org/hibernate/event/spi/FlushEntityEvent
Event: 7.410 loading class org/hibernate/event/spi/FlushEntityEvent done
Event: 7.411 loading class org/hibernate/action/internal/DelayedPostInsertIdentifier
Event: 7.411 loading class org/hibernate/action/internal/DelayedPostInsertIdentifier done
Event: 7.412 loading class org/hibernate/event/internal/DefaultFlushEntityEventListener$1DirtyCheckContextImpl
Event: 7.412 loading class org/hibernate/event/internal/DefaultFlushEntityEventListener$1DirtyCheckContextImpl done
Event: 7.413 loading class org/hibernate/engine/spi/BatchFetchQueue
Event: 7.413 loading class org/hibernate/engine/spi/BatchFetchQueue done


Dynamic libraries:
0x00007ff64b540000 - 0x00007ff64b577000 	C:\Program Files\Java\jdk1.8.0_241\bin\javaw.exe
0x00007ff9002c0000 - 0x00007ff9004b0000 	C:\WINDOWS\SYSTEM32\ntdll.dll
0x00007ff8ffe20000 - 0x00007ff8ffed2000 	C:\WINDOWS\System32\KERNEL32.DLL
0x00007ff8fd350000 - 0x00007ff8fd5f3000 	C:\WINDOWS\System32\KERNELBASE.dll
0x00007ff8feaf0000 - 0x00007ff8feb93000 	C:\WINDOWS\System32\ADVAPI32.dll
0x00007ff8ffee0000 - 0x00007ff8fff7e000 	C:\WINDOWS\System32\msvcrt.dll
0x00007ff8ff250000 - 0x00007ff8ff2e7000 	C:\WINDOWS\System32\sechost.dll
0x00007ff8fed50000 - 0x00007ff8fee70000 	C:\WINDOWS\System32\RPCRT4.dll
0x00007ff8ffa90000 - 0x00007ff8ffc24000 	C:\WINDOWS\System32\USER32.dll
0x00007ff8fd820000 - 0x00007ff8fd841000 	C:\WINDOWS\System32\win32u.dll
0x00007ff8ffdf0000 - 0x00007ff8ffe16000 	C:\WINDOWS\System32\GDI32.dll
0x00007ff8fdfd0000 - 0x00007ff8fe164000 	C:\WINDOWS\System32\gdi32full.dll
0x00007ff8fe170000 - 0x00007ff8fe20e000 	C:\WINDOWS\System32\msvcp_win.dll
0x00007ff8fd250000 - 0x00007ff8fd34a000 	C:\WINDOWS\System32\ucrtbase.dll
0x00007ff8f8120000 - 0x00007ff8f83a5000 	C:\WINDOWS\WinSxS\amd64_microsoft.windows.common-controls_6595b64144ccf1df_6.0.18362.720_none_e6beb5c51314836b\COMCTL32.dll
0x00007ff8fef10000 - 0x00007ff8ff246000 	C:\WINDOWS\System32\combase.dll
0x00007ff8fe2f0000 - 0x00007ff8fe370000 	C:\WINDOWS\System32\bcryptPrimitives.dll
0x00007ff8fff90000 - 0x00007ff8fffbe000 	C:\WINDOWS\System32\IMM32.DLL
0x000000005ebe0000 - 0x000000005ecb2000 	C:\Program Files\Java\jdk1.8.0_241\jre\bin\msvcr100.dll
0x000000005efe0000 - 0x000000005f88c000 	C:\Program Files\Java\jdk1.8.0_241\jre\bin\server\jvm.dll
0x00007ff8feef0000 - 0x00007ff8feef8000 	C:\WINDOWS\System32\PSAPI.DLL
0x00007ff8ece00000 - 0x00007ff8ece09000 	C:\WINDOWS\SYSTEM32\WSOCK32.dll
0x00007ff8fa510000 - 0x00007ff8fa534000 	C:\WINDOWS\SYSTEM32\WINMM.dll
0x00007ff8fea80000 - 0x00007ff8feaef000 	C:\WINDOWS\System32\WS2_32.dll
0x00007ff8f7eb0000 - 0x00007ff8f7eba000 	C:\WINDOWS\SYSTEM32\VERSION.dll
0x00007ff8f93f0000 - 0x00007ff8f941d000 	C:\WINDOWS\SYSTEM32\winmmbase.dll
0x00007ff8fd750000 - 0x00007ff8fd79a000 	C:\WINDOWS\System32\cfgmgr32.dll
0x00007ff8c4a20000 - 0x00007ff8c4a2f000 	C:\Program Files\Java\jdk1.8.0_241\jre\bin\verify.dll
0x00007ff8b2ea0000 - 0x00007ff8b2ec9000 	C:\Program Files\Java\jdk1.8.0_241\jre\bin\java.dll
0x00007ff8b2e80000 - 0x00007ff8b2e96000 	C:\Program Files\Java\jdk1.8.0_241\jre\bin\zip.dll
0x00007ff8ff2f0000 - 0x00007ff8ff9d5000 	C:\WINDOWS\System32\SHELL32.dll
0x00007ff900090000 - 0x00007ff900139000 	C:\WINDOWS\System32\shcore.dll
0x00007ff8fd850000 - 0x00007ff8fdfd0000 	C:\WINDOWS\System32\windows.storage.dll
0x00007ff8fd220000 - 0x00007ff8fd243000 	C:\WINDOWS\System32\profapi.dll
0x00007ff8fd1d0000 - 0x00007ff8fd21a000 	C:\WINDOWS\System32\powrprof.dll
0x00007ff8fd180000 - 0x00007ff8fd190000 	C:\WINDOWS\System32\UMPDC.dll
0x00007ff8fee90000 - 0x00007ff8feee2000 	C:\WINDOWS\System32\shlwapi.dll
0x00007ff8fd1b0000 - 0x00007ff8fd1c1000 	C:\WINDOWS\System32\kernel.appcore.dll
0x00007ff8fd800000 - 0x00007ff8fd817000 	C:\WINDOWS\System32\cryptsp.dll
0x00007ff8f8cd0000 - 0x00007ff8f8cdd000 	C:\Program Files\Java\jdk1.8.0_241\jre\bin\management.dll
0x00007ff8b2e60000 - 0x00007ff8b2e7a000 	C:\Program Files\Java\jdk1.8.0_241\jre\bin\net.dll
0x00007ff8fc990000 - 0x00007ff8fc9f7000 	C:\WINDOWS\system32\mswsock.dll
0x00007ff8e9ec0000 - 0x00007ff8e9ed6000 	C:\WINDOWS\system32\napinsp.dll
0x00007ff8e9ea0000 - 0x00007ff8e9eba000 	C:\WINDOWS\system32\pnrpnsp.dll
0x00007ff8fc6f0000 - 0x00007ff8fc7ba000 	C:\WINDOWS\SYSTEM32\DNSAPI.dll
0x00007ff8fef00000 - 0x00007ff8fef08000 	C:\WINDOWS\System32\NSI.dll
0x00007ff8fc6a0000 - 0x00007ff8fc6da000 	C:\WINDOWS\SYSTEM32\IPHLPAPI.DLL
0x00007ff8e9740000 - 0x00007ff8e974e000 	C:\WINDOWS\System32\winrnr.dll
0x00007ff8f9420000 - 0x00007ff8f943c000 	C:\WINDOWS\system32\NLAapi.dll
0x00007ff8e9720000 - 0x00007ff8e9735000 	C:\WINDOWS\system32\wshbth.dll
0x00007ff8f1d30000 - 0x00007ff8f1d3a000 	C:\Windows\System32\rasadhlp.dll
0x00007ff8f62e0000 - 0x00007ff8f6357000 	C:\WINDOWS\System32\fwpuclnt.dll
0x00007ff8fe210000 - 0x00007ff8fe236000 	C:\WINDOWS\System32\bcrypt.dll
0x00007ff8b2e40000 - 0x00007ff8b2e52000 	C:\Program Files\Java\jdk1.8.0_241\jre\bin\nio.dll
0x00007ff8fc500000 - 0x00007ff8fc533000 	C:\WINDOWS\system32\rsaenh.dll
0x00007ff8fd070000 - 0x00007ff8fd095000 	C:\WINDOWS\SYSTEM32\USERENV.dll
0x00007ff8fcb60000 - 0x00007ff8fcb6c000 	C:\WINDOWS\SYSTEM32\CRYPTBASE.dll
0x00007ff8f6490000 - 0x00007ff8f64a6000 	C:\WINDOWS\SYSTEM32\dhcpcsvc6.DLL
0x00007ff8f84b0000 - 0x00007ff8f84cc000 	C:\WINDOWS\SYSTEM32\dhcpcsvc.DLL

VM Arguments:
jvm_args: -Dfile.encoding=UTF-8 
java_command: com.GoCook.Boundaries.GoCookApplication
java_class_path (initial): C:\Users\aline\Desktop\gocook\GoCook\target\classes;C:\Users\aline\.m2\repository\org\springframework\boot\spring-boot-starter-data-jpa\2.1.5.RELEASE\spring-boot-starter-data-jpa-2.1.5.RELEASE.jar;C:\Users\aline\.m2\repository\org\springframework\boot\spring-boot-starter-aop\2.1.5.RELEASE\spring-boot-starter-aop-2.1.5.RELEASE.jar;C:\Users\aline\.m2\repository\org\springframework\spring-aop\5.1.7.RELEASE\spring-aop-5.1.7.RELEASE.jar;C:\Users\aline\.m2\repository\org\aspectj\aspectjweaver\1.9.4\aspectjweaver-1.9.4.jar;C:\Users\aline\.m2\repository\org\springframework\boot\spring-boot-starter-jdbc\2.1.5.RELEASE\spring-boot-starter-jdbc-2.1.5.RELEASE.jar;C:\Users\aline\.m2\repository\com\zaxxer\HikariCP\3.2.0\HikariCP-3.2.0.jar;C:\Users\aline\.m2\repository\org\springframework\spring-jdbc\5.1.7.RELEASE\spring-jdbc-5.1.7.RELEASE.jar;C:\Users\aline\.m2\repository\javax\transaction\javax.transaction-api\1.3\javax.transaction-api-1.3.jar;C:\Users\aline\.m2\repository\javax\xml\bind\jaxb-api\2.3.1\jaxb-api-2.3.1.jar;C:\Users\aline\.m2\repository\javax\activation\javax.activation-api\1.2.0\javax.activation-api-1.2.0.jar;C:\Users\aline\.m2\repository\org\hibernate\hibernate-core\5.3.10.Final\hibernate-core-5.3.10.Final.jar;C:\Users\aline\.m2\repository\org\jboss\logging\jboss-logging\3.3.2.Final\jboss-logging-3.3.2.Final.jar;C:\Users\aline\.m2\repository\javax\persistence\javax.persistence-api\2.2\javax.persistence-api-2.2.jar;C:\Users\aline\.m2\repository\org\javassist\javassist\3.23.2-GA\javassist-3.23.2-GA.jar;C:\Users\aline\.m2\repository\net\bytebuddy\byte-buddy\1.9.12\byte-buddy-1.9.12.jar;C:\Users\aline\.m2\repository\antlr\antlr\2.7.7\antlr-2.7.7.jar;C:\Users\aline\.m2\repository\org\jboss\jandex\2.0.5.Final\jandex-2.0.5.Final.jar;C:\Users\aline\.m2\repository\com\fasterxml\classmate\1.4.0\classmate-1.4.0.jar;C:\Users\aline\.m2\repository\org\dom4j\dom4j\2.1.1\dom4j-2.1.1.jar;C:\Users\aline\.m2\repository\org\hibernate\common\hibernate-comm
Launcher Type: SUN_STANDARD

Environment Variables:
PATH=C:/Program Files/Java/jdk1.8.0_241/bin/../jre/bin/server;C:/Program Files/Java/jdk1.8.0_241/bin/../jre/bin;C:/Program Files/Java/jdk1.8.0_241/bin/../jre/lib/amd64;C:\Program Files (x86)\NVIDIA Corporation\PhysX\Common;C:\Program Files (x86)\Intel\iCLS Client\;C:\Program Files\Intel\iCLS Client\;C:\WINDOWS\system32;C:\WINDOWS;C:\WINDOWS\System32\Wbem;C:\WINDOWS\System32\WindowsPowerShell\v1.0\;C:\Program Files (x86)\Intel\OpenCL SDK\2.0\bin\x86;C:\Program Files (x86)\Intel\OpenCL SDK\2.0\bin\x64;C:\Program Files\Intel\Intel(R) Management Engine Components\DAL;C:\Program Files\Intel\Intel(R) Management Engine Components\IPT;C:\Program Files (x86)\Intel\Intel(R) Management Engine Components\DAL;C:\Program Files (x86)\Intel\Intel(R) Management Engine Components\IPT;C:\Program Files\Intel\WiFi\bin\;C:\Program Files\Common Files\Intel\WirelessCommon\;C:\Program Files\dotnet\;C:\Program Files\Microsoft SQL Server\130\Tools\Binn\;C:\WINDOWS\system32\config\systemprofile\.dnx\bin;C:\Program Files\Microsoft DNX\Dnvm\;C:\WINDOWS\System32\OpenSSH\;C:\Program Files\Microsoft SQL Server\Client SDK\ODBC\110\Tools\Binn\;C:\Program Files (x86)\Microsoft SQL Server\120\Tools\Binn\;C:\Program Files\Microsoft SQL Server\120\Tools\Binn\;C:\Program Files\Microsoft SQL Server\120\DTS\Binn\;C:\Program Files (x86)\Microsoft SQL Server\120\Tools\Binn\ManagementStudio\;C:\Program Files (x86)\Microsoft SQL Server\120\DTS\Binn\;C:\Program Files\Microsoft VS Code\bin;C:\Program Files\Git\cmd;C:\Program Files\Java\jdk1.8.0_241\bin;C:\Program Files\Intel\WiFi\bin\;C:\Program Files\Common Files\Intel\WirelessCommon\;C:\Users\aline\AppData\Local\Microsoft\WindowsApps;;C:\Program Files\eclipse;
USERNAME=aline
OS=Windows_NT
PROCESSOR_IDENTIFIER=Intel64 Family 6 Model 58 Stepping 9, GenuineIntel



---------------  S Y S T E M  ---------------

OS: Windows 10.0 , 64 bit Build 18362 (10.0.18362.329)

CPU:total 4 (initial active 4) (2 cores per cpu, 2 threads per core) family 6 model 58 stepping 9, cmov, cx8, fxsr, mmx, sse, sse2, sse3, ssse3, sse4.1, sse4.2, popcnt, avx, aes, clmul, erms, ht, tsc, tscinvbit, tscinv

Memory: 4k page, physical 8240660k(1305420k free), swap 9477652k(29416k free)

vm_info: Java HotSpot(TM) 64-Bit Server VM (25.241-b07) for windows-amd64 JRE (1.8.0_241-b07), built on Dec 11 2019 10:21:40 by "rejava" with MS VC++ 10.0 (VS2010)

time: Tue Apr 07 12:20:05 2020
timezone: Hor. de Verão do Pacífico (EUA)
elapsed time: 7 seconds (0d 0h 0m 7s)

